[23:49:16] Initializing LaTeX Workshop.
[23:49:16] Creating LaTeX Workshop http and websocket server.
[23:49:16] LaTeX Workshop initialized.
[23:49:16] Found root file from active editor: /run/media/rutujsg/HDD/Documents/Classwork/2019_spring/PHYS 34200/HW 1/hw1.tex
[23:49:16] Root file changed from: undefined. Find all dependencies.
[23:49:16] Instantiating a new file watcher for /run/media/rutujsg/HDD/Documents/Classwork/2019_spring/PHYS 34200/HW 1/hw1.tex
[23:49:16] Parsing /run/media/rutujsg/HDD/Documents/Classwork/2019_spring/PHYS 34200/HW 1/hw1.tex
[23:49:16] Parsing /run/media/rutujsg/HDD/Documents/Classwork/2019_spring/PHYS 34200/HW 1/hw1.fls to compute dependencies
[23:49:16] Adding /run/media/rutujsg/HDD/Documents/Classwork/2019_spring/PHYS 34200/HW 1/untitled.png to file watcher.
[23:49:16] Server created on 127.0.0.1:40565
[23:49:16] Snippet data loaded.
[23:49:16] LaTeX Workshop version: 7.0.0
[23:49:30] VIEW command invoked.
[23:49:30] Found root file from active editor: /run/media/rutujsg/HDD/Documents/Classwork/2019_spring/PHYS 34200/HW 1/hw1.tex
[23:49:30] Root file remains unchanged from: /run/media/rutujsg/HDD/Documents/Classwork/2019_spring/PHYS 34200/HW 1/hw1.tex.
[23:49:30] Open external viewer for /run/media/rutujsg/HDD/Documents/Classwork/2019_spring/PHYS 34200/HW 1/hw1.pdf
[23:50:00] VIEW command invoked.
[23:50:00] Found root file from active editor: /run/media/rutujsg/HDD/Documents/Classwork/2019_spring/PHYS 34200/HW 1/hw1.tex
[23:50:00] Root file remains unchanged from: /run/media/rutujsg/HDD/Documents/Classwork/2019_spring/PHYS 34200/HW 1/hw1.tex.
[23:50:00] Open external viewer for /run/media/rutujsg/HDD/Documents/Classwork/2019_spring/PHYS 34200/HW 1/hw1.pdf
