[11:42:28] Initializing LaTeX Workshop.
[11:42:28] Creating LaTeX Workshop http and websocket server.
[11:42:29] LaTeX Workshop initialized.
[11:42:29] Found root file from active editor: /hdd/Documents/Big G/big_g/IAS Abstract/abstract.tex
[11:42:33] Root file changed from: undefined. Find all dependencies.
[11:42:33] Instantiating a new file watcher for /hdd/Documents/Big G/big_g/IAS Abstract/abstract.tex
[11:42:33] Parsing /hdd/Documents/Big G/big_g/IAS Abstract/abstract.tex
[11:42:33] Parsing /hdd/Documents/Big G/big_g/IAS Abstract/abstract.fls to compute dependencies
[11:42:33] Server created on 127.0.0.1:41279
[11:42:34] Snippet data loaded.
[11:42:34] LaTeX Workshop version: 7.0.0
[11:46:54] Found root file from active editor: /hdd/Documents/Big G/big_g/IAS Abstract/abstract.tex
[11:46:54] Root file remains unchanged from: /hdd/Documents/Big G/big_g/IAS Abstract/abstract.tex.
[11:47:03] BUILD command invoked.
[11:47:03] Found root file from active editor: /hdd/Documents/Big G/big_g/IAS Abstract/abstract.tex
[11:47:03] Root file remains unchanged from: /hdd/Documents/Big G/big_g/IAS Abstract/abstract.tex.
[11:47:03] Building root file: /hdd/Documents/Big G/big_g/IAS Abstract/abstract.tex
[11:47:03] Build root file /hdd/Documents/Big G/big_g/IAS Abstract/abstract.tex
[11:47:03] Recipe step 1: latexmk, -synctex=1,-interaction=nonstopmode,-file-line-error,-pdf,-outdir=/hdd/Documents/Big G/big_g/IAS Abstract,/hdd/Documents/Big G/big_g/IAS Abstract/abstract
[11:47:03] LaTeX build process spawned. PID: 5661.
[11:47:04] Recipe of length 1 finished. PID: 5661.
[11:47:04] Successfully built /hdd/Documents/Big G/big_g/IAS Abstract/abstract.tex.
[11:47:11] VIEW command invoked.
[11:47:11] Found root file from active editor: /hdd/Documents/Big G/big_g/IAS Abstract/abstract.tex
[11:47:11] Root file remains unchanged from: /hdd/Documents/Big G/big_g/IAS Abstract/abstract.tex.
[11:47:11] Open external viewer for /hdd/Documents/Big G/big_g/IAS Abstract/abstract.pdf
[11:50:15] Parsing /hdd/Documents/Big G/big_g/IAS Abstract/abstract.tex
[11:50:15] Parsing /hdd/Documents/Big G/big_g/IAS Abstract/abstract.fls to compute dependencies
[11:50:15] File watcher: responding to change in /hdd/Documents/Big G/big_g/IAS Abstract/abstract.tex
[11:50:15] /hdd/Documents/Big G/big_g/IAS Abstract/abstract.tex changed. Auto build project.
[11:50:15] BUILD command invoked.
[11:50:15] Building root file: /hdd/Documents/Big G/big_g/IAS Abstract/abstract.tex
[11:50:15] Build root file /hdd/Documents/Big G/big_g/IAS Abstract/abstract.tex
[11:50:15] Recipe step 1: latexmk, -synctex=1,-interaction=nonstopmode,-file-line-error,-pdf,-outdir=/hdd/Documents/Big G/big_g/IAS Abstract,/hdd/Documents/Big G/big_g/IAS Abstract/abstract
[11:50:15] LaTeX build process spawned. PID: 6591.
[11:50:16] Recipe of length 1 finished. PID: 6591.
[11:50:16] Successfully built /hdd/Documents/Big G/big_g/IAS Abstract/abstract.tex.
[11:50:20] VIEW command invoked.
[11:50:20] Found root file from active editor: /hdd/Documents/Big G/big_g/IAS Abstract/abstract.tex
[11:50:20] Root file remains unchanged from: /hdd/Documents/Big G/big_g/IAS Abstract/abstract.tex.
[11:50:20] Open external viewer for /hdd/Documents/Big G/big_g/IAS Abstract/abstract.pdf
[11:54:03] Parsing /hdd/Documents/Big G/big_g/IAS Abstract/abstract.tex
[11:54:03] Parsing /hdd/Documents/Big G/big_g/IAS Abstract/abstract.fls to compute dependencies
[11:54:04] File watcher: responding to change in /hdd/Documents/Big G/big_g/IAS Abstract/abstract.tex
[11:54:04] /hdd/Documents/Big G/big_g/IAS Abstract/abstract.tex changed. Auto build project.
[11:54:04] BUILD command invoked.
[11:54:04] Building root file: /hdd/Documents/Big G/big_g/IAS Abstract/abstract.tex
[11:54:04] Build root file /hdd/Documents/Big G/big_g/IAS Abstract/abstract.tex
[11:54:04] Recipe step 1: latexmk, -synctex=1,-interaction=nonstopmode,-file-line-error,-pdf,-outdir=/hdd/Documents/Big G/big_g/IAS Abstract,/hdd/Documents/Big G/big_g/IAS Abstract/abstract
[11:54:04] LaTeX build process spawned. PID: 7662.
[11:54:04] Recipe of length 1 finished. PID: 7662.
[11:54:04] Successfully built /hdd/Documents/Big G/big_g/IAS Abstract/abstract.tex.
