[2019-06-03 23:34:55.683] [sharedprocess] [info] main {"machineId":"77f35418027e851a07610432aa3955b8a837faef1650c2f5e4c13876e2e28d94"}
[2019-06-03 23:34:56.964] [sharedprocess] [info] Scanned user extensions: 5
[2019-06-03 23:34:57.366] [sharedprocess] [info] Deleted from disk monokai.theme-monokai-pro-vscode /home/rutujsg/.vscode-oss/extensions/monokai.theme-monokai-pro-vscode-1.1.13
[2019-06-03 23:34:57.576] [sharedprocess] [info] Scanned system extensions: 72
[2019-06-03 23:34:58.566] [sharedprocess] [info] Scanned user extensions: 5
[2019-06-03 23:34:58.567] [sharedprocess] [info] Scanned user extensions: 5
[2019-06-03 23:34:58.592] [sharedprocess] [info] Scanned system extensions: 72
[2019-06-03 23:34:58.595] [sharedprocess] [info] Scanned system extensions: 72
[2019-06-03 23:34:58.783] [sharedprocess] [info] Scanned user extensions: 5
[2019-06-03 23:34:58.795] [sharedprocess] [info] Scanned system extensions: 72
[2019-06-03 23:35:01.271] [sharedprocess] [info] Scanned user extensions: 5
[2019-06-03 23:35:35.714] [sharedprocess] [info] Starting to clean up unused language packs.
[2019-06-03 23:35:45.713] [sharedprocess] [info] Scanned user extensions: 5
[2019-06-03 23:35:45.716] [sharedprocess] [info] Scanned user extensions: 5
[2019-06-03 23:35:45.717] [sharedprocess] [info] Scanned user extensions: 5
[2019-06-03 23:35:45.755] [sharedprocess] [info] Scanned system extensions: 72
[2019-06-03 23:35:45.759] [sharedprocess] [info] Scanned system extensions: 72
[2019-06-03 23:35:45.762] [sharedprocess] [info] Scanned system extensions: 72
[2019-06-03 23:35:46.024] [sharedprocess] [info] Scanned user extensions: 5
[2019-06-03 23:35:46.050] [sharedprocess] [info] Scanned system extensions: 72
[2019-06-03 23:35:48.627] [sharedprocess] [info] Scanned user extensions: 5
[2019-06-03 23:37:56.464] [sharedprocess] [info] Scanned user extensions: 5
