[23:40:23] Initializing LaTeX Workshop.
[23:40:23] Creating LaTeX Workshop http and websocket server.
[23:40:23] LaTeX Workshop initialized.
[23:40:23] Found root file from active editor: /home/rutujsg/Documents/LaTeX/Test/test.tex
[23:40:24] Root file changed from: undefined. Find all dependencies.
[23:40:24] Instantiating a new file watcher for /home/rutujsg/Documents/LaTeX/Test/test.tex
[23:40:24] Parsing /home/rutujsg/Documents/LaTeX/Test/test.tex
[23:40:24] Cannot find file /home/rutujsg/Documents/LaTeX/Test/test.fls
[23:40:24] Server created on 127.0.0.1:40447
[23:40:24] Snippet data loaded.
[23:40:24] LaTeX Workshop version: 7.0.0
[23:40:28] BUILD command invoked.
[23:40:28] Found root file from active editor: /home/rutujsg/Documents/LaTeX/Test/test.tex
[23:40:28] Root file remains unchanged from: /home/rutujsg/Documents/LaTeX/Test/test.tex.
[23:40:28] Building root file: /home/rutujsg/Documents/LaTeX/Test/test.tex
[23:40:28] Build root file /home/rutujsg/Documents/LaTeX/Test/test.tex
[23:40:28] Recipe step 1: latexmk, -synctex=1,-interaction=nonstopmode,-file-line-error,-pdf,-outdir=/home/rutujsg/Documents/LaTeX/Test,/home/rutujsg/Documents/LaTeX/Test/test
[23:40:28] LaTeX build process spawned. PID: 3475.
[23:40:32] LaTeX log parsed with 1 messages.
[23:40:32] Recipe of length 1 finished. PID: 3475.
[23:40:32] Successfully built /home/rutujsg/Documents/LaTeX/Test/test.tex.
[23:40:32] No PDF viewer connected for /home/rutujsg/Documents/LaTeX/Test/test.pdf
[23:40:32] Parsing /home/rutujsg/Documents/LaTeX/Test/test.fls to compute dependencies
[23:40:32] Auto Clean invoked.
[23:40:32] Found root file from active editor: /home/rutujsg/Documents/LaTeX/Test/test.tex
[23:40:32] Root file remains unchanged from: /home/rutujsg/Documents/LaTeX/Test/test.tex.
[23:40:32] File cleaned: /home/rutujsg/Documents/LaTeX/Test/test.aux
[23:40:32] File cleaned: /home/rutujsg/Documents/LaTeX/Test/test.log
[23:40:32] File cleaned: /home/rutujsg/Documents/LaTeX/Test/test.fls
[23:40:32] File cleaned: /home/rutujsg/Documents/LaTeX/Test/test.fdb_latexmk
