[22:44:57] Initializing LaTeX Workshop.
[22:44:58] Creating LaTeX Workshop http and websocket server.
[22:44:58] LaTeX Workshop initialized.
[22:44:58] Found root file from active editor: /hdd/Documents/Big G/big_g/IAS Abstract/abstract.tex
[22:44:59] Root file changed from: undefined. Find all dependencies.
[22:44:59] Instantiating a new file watcher for /hdd/Documents/Big G/big_g/IAS Abstract/abstract.tex
[22:44:59] Parsing /hdd/Documents/Big G/big_g/IAS Abstract/abstract.tex
[22:44:59] Parsing /hdd/Documents/Big G/big_g/IAS Abstract/abstract.fls to compute dependencies
[22:44:59] Server created on 127.0.0.1:41043
[22:44:59] Snippet data loaded.
[22:44:59] LaTeX Workshop version: 7.0.0
[22:45:01] BUILD command invoked.
[22:45:01] Found root file from active editor: /hdd/Documents/Big G/big_g/IAS Abstract/abstract.tex
[22:45:01] Root file remains unchanged from: /hdd/Documents/Big G/big_g/IAS Abstract/abstract.tex.
[22:45:01] Building root file: /hdd/Documents/Big G/big_g/IAS Abstract/abstract.tex
[22:45:01] Build root file /hdd/Documents/Big G/big_g/IAS Abstract/abstract.tex
[22:45:01] Recipe step 1: latexmk, -synctex=1,-interaction=nonstopmode,-file-line-error,-pdf,-outdir=/hdd/Documents/Big G/big_g/IAS Abstract,/hdd/Documents/Big G/big_g/IAS Abstract/abstract
[22:45:01] LaTeX build process spawned. PID: 3852.
[22:45:02] Recipe of length 1 finished. PID: 3852.
[22:45:02] Successfully built /hdd/Documents/Big G/big_g/IAS Abstract/abstract.tex.
[22:45:11] BUILD command invoked.
[22:45:11] Found root file from active editor: /hdd/Documents/Big G/big_g/IAS Abstract/abstract.tex
[22:45:11] Root file remains unchanged from: /hdd/Documents/Big G/big_g/IAS Abstract/abstract.tex.
[22:45:11] Building root file: /hdd/Documents/Big G/big_g/IAS Abstract/abstract.tex
[22:45:11] Build root file /hdd/Documents/Big G/big_g/IAS Abstract/abstract.tex
[22:45:11] Recipe step 1: latexmk, -synctex=1,-interaction=nonstopmode,-file-line-error,-pdf,-outdir=/hdd/Documents/Big G/big_g/IAS Abstract,/hdd/Documents/Big G/big_g/IAS Abstract/abstract
[22:45:11] LaTeX build process spawned. PID: 3945.
[22:45:11] Recipe of length 1 finished. PID: 3945.
[22:45:11] Successfully built /hdd/Documents/Big G/big_g/IAS Abstract/abstract.tex.
[22:45:18] CLEAN command invoked.
[22:45:18] Found root file from active editor: /hdd/Documents/Big G/big_g/IAS Abstract/abstract.tex
[22:45:18] Root file remains unchanged from: /hdd/Documents/Big G/big_g/IAS Abstract/abstract.tex.
[22:45:18] Found root file from active editor: /hdd/Documents/Big G/big_g/IAS Abstract/abstract.tex
[22:45:18] Root file remains unchanged from: /hdd/Documents/Big G/big_g/IAS Abstract/abstract.tex.
[22:45:18] File cleaned: /hdd/Documents/Big G/big_g/IAS Abstract/abstract.aux
[22:45:18] File cleaned: /hdd/Documents/Big G/big_g/IAS Abstract/abstract.out
[22:45:18] File cleaned: /hdd/Documents/Big G/big_g/IAS Abstract/abstract.fls
[22:45:18] File cleaned: /hdd/Documents/Big G/big_g/IAS Abstract/abstract.log
[22:45:18] File cleaned: /hdd/Documents/Big G/big_g/IAS Abstract/abstract.fdb_latexmk
[22:45:25] RECIPES command invoked.
[22:45:25] BUILD command invoked.
[22:45:25] Found root file from active editor: /hdd/Documents/Big G/big_g/IAS Abstract/abstract.tex
[22:45:25] Root file remains unchanged from: /hdd/Documents/Big G/big_g/IAS Abstract/abstract.tex.
[22:45:25] Building root file: /hdd/Documents/Big G/big_g/IAS Abstract/abstract.tex
[22:45:25] Build root file /hdd/Documents/Big G/big_g/IAS Abstract/abstract.tex
[22:45:25] Recipe step 1: latexmk, -synctex=1,-interaction=nonstopmode,-file-line-error,-pdf,-outdir=/hdd/Documents/Big G/big_g/IAS Abstract,/hdd/Documents/Big G/big_g/IAS Abstract/abstract
[22:45:25] LaTeX build process spawned. PID: 4075.
[22:45:26] RECIPES command invoked.
[22:45:26] BUILD command invoked.
[22:45:26] Found root file from active editor: /hdd/Documents/Big G/big_g/IAS Abstract/abstract.tex
[22:45:26] Root file remains unchanged from: /hdd/Documents/Big G/big_g/IAS Abstract/abstract.tex.
[22:45:26] Building root file: /hdd/Documents/Big G/big_g/IAS Abstract/abstract.tex
[22:45:26] RECIPES command invoked.
[22:45:26] BUILD command invoked.
[22:45:26] Found root file from active editor: /hdd/Documents/Big G/big_g/IAS Abstract/abstract.tex
[22:45:26] Root file remains unchanged from: /hdd/Documents/Big G/big_g/IAS Abstract/abstract.tex.
[22:45:26] Building root file: /hdd/Documents/Big G/big_g/IAS Abstract/abstract.tex
[22:45:26] Another LaTeX build processing is already waiting for the current LaTeX build to finish. Exit.
[22:45:27] LaTeX log parsed with 2 messages.
[22:45:27] Recipe of length 1 finished. PID: 4075.
[22:45:27] Successfully built /hdd/Documents/Big G/big_g/IAS Abstract/abstract.tex.
[22:45:27] No PDF viewer connected for /hdd/Documents/Big G/big_g/IAS Abstract/abstract.pdf
[22:45:27] Parsing /hdd/Documents/Big G/big_g/IAS Abstract/abstract.fls to compute dependencies
[22:45:27] Auto Clean invoked.
[22:45:27] Found root file from active editor: /hdd/Documents/Big G/big_g/IAS Abstract/abstract.tex
[22:45:27] Root file remains unchanged from: /hdd/Documents/Big G/big_g/IAS Abstract/abstract.tex.
[22:45:27] Build root file /hdd/Documents/Big G/big_g/IAS Abstract/abstract.tex
[22:45:27] Recipe step 1: latexmk, -synctex=1,-interaction=nonstopmode,-file-line-error,-pdf,-outdir=/hdd/Documents/Big G/big_g/IAS Abstract,/hdd/Documents/Big G/big_g/IAS Abstract/abstract
[22:45:27] LaTeX build process spawned. PID: 4093.
[22:45:27] File cleaned: /hdd/Documents/Big G/big_g/IAS Abstract/abstract.aux
[22:45:27] File cleaned: /hdd/Documents/Big G/big_g/IAS Abstract/abstract.out
[22:45:27] File cleaned: /hdd/Documents/Big G/big_g/IAS Abstract/abstract.fls
[22:45:27] File cleaned: /hdd/Documents/Big G/big_g/IAS Abstract/abstract.log
[22:45:27] File cleaned: /hdd/Documents/Big G/big_g/IAS Abstract/abstract.fdb_latexmk
[22:45:28] LaTeX log parsed with 2 messages.
[22:45:28] Recipe of length 1 finished. PID: 4093.
[22:45:28] Successfully built /hdd/Documents/Big G/big_g/IAS Abstract/abstract.tex.
[22:45:28] No PDF viewer connected for /hdd/Documents/Big G/big_g/IAS Abstract/abstract.pdf
[22:45:28] Parsing /hdd/Documents/Big G/big_g/IAS Abstract/abstract.fls to compute dependencies
[22:45:28] Auto Clean invoked.
[22:45:28] Found root file from active editor: /hdd/Documents/Big G/big_g/IAS Abstract/abstract.tex
[22:45:28] Root file remains unchanged from: /hdd/Documents/Big G/big_g/IAS Abstract/abstract.tex.
[22:45:28] File cleaned: /hdd/Documents/Big G/big_g/IAS Abstract/abstract.out
[22:45:28] File cleaned: /hdd/Documents/Big G/big_g/IAS Abstract/abstract.aux
[22:45:28] File cleaned: /hdd/Documents/Big G/big_g/IAS Abstract/abstract.fls
[22:45:28] File cleaned: /hdd/Documents/Big G/big_g/IAS Abstract/abstract.log
[22:45:28] File cleaned: /hdd/Documents/Big G/big_g/IAS Abstract/abstract.fdb_latexmk
[22:45:56] VIEW command invoked.
[22:45:56] Found root file from active editor: /hdd/Documents/Big G/big_g/IAS Abstract/abstract.tex
[22:45:56] Root file remains unchanged from: /hdd/Documents/Big G/big_g/IAS Abstract/abstract.tex.
[22:45:56] Open external viewer for /hdd/Documents/Big G/big_g/IAS Abstract/abstract.pdf
