ReadyLatexmk: This is Latexmk, John Collins, 25 October 2018, version: 4.61.
Latexmk: All targets (/hdd/Documents/Big G/big_g/IAS Abstract/abstract.pdf) are up-to-date
Latexmk: This is Latexmk, John Collins, 25 October 2018, version: 4.61.
Latexmk: All targets (/hdd/Documents/Big G/big_g/IAS Abstract/abstract.pdf) are up-to-date
Latexmk: This is Latexmk, John Collins, 25 October 2018, version: 4.61.
Rule 'pdflatex': Rules & subrules not known to be previously run:
   pdflatex
Rule 'pdflatex': The following rules & subrules became out-of-date:
      'pdflatex'
------------
Run number 1 of rule 'pdflatex'
------------
------------
Running 'pdflatex  -synctex=1 -interaction=nonstopmode -file-line-error -recorder -output-directory="/hdd/Documents/Big G/big_g/IAS Abstract"  "/hdd/Documents/Big G/big_g/IAS Abstract/abstract.tex"'
------------
Latexmk: applying rule 'pdflatex'...
This is pdfTeX, Version 3.14159265-2.6-1.40.19 (TeX Live 2018/Arch Linux) (preloaded format=pdflatex)
 restricted \write18 enabled.
entering extended mode
(/hdd/Documents/Big G/big_g/IAS Abstract/abstract.tex
LaTeX2e <2018-12-01>
(/usr/share/texmf-dist/tex/latex/revtex4/revtex4.cls
Document Class: revtex4 2001/08/02 v4.0 (http://publish.aps.org/revtex4/ for documentation)
ltxutil: portions licensed from W. E. Baxter (web@superscript.com)
ltxgrid: portions licensed from W. E. Baxter (web@superscript.com)
(/usr/share/texmf-dist/tex/latex/url/url.sty) (/usr/share/texmf-dist/tex/latex/natbib/natbib.sty) (/usr/share/texmf-dist/tex/latex/revtex4/revsymb.sty)) (/usr/share/texmf-dist/tex/latex/revtex4/aps.rtx) (/usr/share/texmf-dist/tex/latex/revtex4/12pt.rtx) (/usr/share/texmf-dist/tex/latex/physics/physics.sty (/usr/share/texmf-dist/tex/latex/l3packages/xparse/xparse.sty (/usr/share/texmf-dist/tex/latex/l3kernel/expl3.sty (/usr/share/texmf-dist/tex/latex/l3kernel/expl3-code.tex) (/usr/share/texmf-dist/tex/latex/l3kernel/l3pdfmode.def))) (/usr/share/texmf-dist/tex/latex/amsmath/amsmath.sty
For additional information on amsmath, use the `?' option.
(/usr/share/texmf-dist/tex/latex/amsmath/amstext.sty (/usr/share/texmf-dist/tex/latex/amsmath/amsgen.sty)) (/usr/share/texmf-dist/tex/latex/amsmath/amsbsy.sty) (/usr/share/texmf-dist/tex/latex/amsmath/amsopn.sty))) (/usr/share/texmf-dist/tex/latex/siunitx/siunitx.sty (/usr/share/texmf-dist/tex/latex/tools/array.sty) (/usr/share/texmf-dist/tex/latex/l3packages/l3keys2e/l3keys2e.sty) (/usr/share/texmf-dist/tex/latex/translator/translator.sty (/usr/share/texmf-dist/tex/latex/graphics/keyval.sty))) (/usr/share/texmf-dist/tex/latex/amsfonts/amsfonts.sty) (/usr/share/texmf-dist/tex/latex/amsfonts/amssymb.sty) (/usr/share/texmf-dist/tex/latex/hyperref/hyperref.sty (/usr/share/texmf-dist/tex/generic/oberdiek/hobsub-hyperref.sty (/usr/share/texmf-dist/tex/generic/oberdiek/hobsub-generic.sty)) (/usr/share/texmf-dist/tex/generic/ifxetex/ifxetex.sty) (/usr/share/texmf-dist/tex/latex/oberdiek/auxhook.sty) (/usr/share/texmf-dist/tex/latex/oberdiek/kvoptions.sty) (/usr/share/texmf-dist/tex/latex/hyperref/pd1enc.def) (/usr/share/texmf-dist/tex/latex/latexconfig/hyperref.cfg)) (/usr/share/texmf-dist/tex/latex/hyperref/hpdftex.def (/usr/share/texmf-dist/tex/latex/oberdiek/rerunfilecheck.sty))

LaTeX Warning: Unused global option(s):
    [conference,longbibliography].

(/hdd/Documents/Big G/big_g/IAS Abstract/abstract.aux) (/usr/share/texmf-dist/tex/latex/base/ts1enc.dfu) (/usr/share/texmf-dist/tex/latex/translator/translator-basic-dictionary-English.dict) (/usr/share/texmf-dist/tex/latex/siunitx/siunitx-abbreviations.cfg)

Package hyperref Warning: Height of page (\paperheight) is invalid (0.0pt),
(hyperref)                using 11in.

(/usr/share/texmf-dist/tex/latex/hyperref/nameref.sty (/usr/share/texmf-dist/tex/generic/oberdiek/gettitlestring.sty)) (/usr/share/texmf-dist/tex/latex/amsfonts/umsa.fd) (/usr/share/texmf-dist/tex/latex/amsfonts/umsb.fd) (/usr/share/texmf-dist/tex/latex/base/ts1cmr.fd) [1{/var/lib/texmf/fonts/map/pdftex/updmap/pdftex.map}] (/hdd/Documents/Big G/big_g/IAS Abstract/abstract.aux)

Package rerunfilecheck Warning: File `abstract.out' has changed.
(rerunfilecheck)                Rerun to get outlines right
(rerunfilecheck)                or use package `bookmark'.


LaTeX Warning: Label(s) may have changed. Rerun to get cross-references right .

 ){/usr/share/texmf-dist/fonts/enc/dvips/cm-super/cm-super-ts1.enc}</usr/share/texmf-dist/fonts/type1/public/amsfonts/cm/cmbx12.pfb></usr/share/texmf-dist/fonts/type1/public/amsfonts/cm/cmmi12.pfb></usr/share/texmf-dist/fonts/type1/public/amsfonts/cm/cmr12.pfb></usr/share/texmf-dist/fonts/type1/public/amsfonts/cm/cmr8.pfb></usr/share/texmf-dist/fonts/type1/public/amsfonts/cm/cmsy10.pfb></usr/share/texmf-dist/fonts/type1/public/amsfonts/cm/cmsy8.pfb></usr/share/texmf-dist/fonts/type1/public/amsfonts/cm/cmti10.pfb></usr/share/texmf-dist/fonts/type1/public/amsfonts/cm/cmti12.pfb></usr/share/texmf-dist/fonts/type1/public/cm-super/sfrm1200.pfb>
Output written on "/hdd/Documents/Big G/big_g/IAS Abstract/abstract.pdf" (1 page, 89119 bytes).
SyncTeX written on /hdd/Documents/Big G/big_g/IAS Abstract/abstract.synctex.gz.
Transcript written on "/hdd/Documents/Big G/big_g/IAS Abstract/abstract.log".
'abstract.fls' and '/hdd/Documents/Big G/big_g/IAS Abstract/abstract.fls' are identical (not copied) at /usr/bin/latexmk line 7507.
Latexmk: References changed.
Latexmk: References changed.
Latexmk: References changed.
Latexmk: Log file says output to 'abstract.pdf'
Rule 'pdflatex': File changes, etc:
   Changed files, or newly in use since previous run(s):
      '/hdd/Documents/Big G/big_g/IAS Abstract/abstract.aux'
      'abstract.aux'
      'abstract.out'
------------
Run number 2 of rule 'pdflatex'
------------
------------
Running 'pdflatex  -synctex=1 -interaction=nonstopmode -file-line-error -recorder -output-directory="/hdd/Documents/Big G/big_g/IAS Abstract"  "/hdd/Documents/Big G/big_g/IAS Abstract/abstract.tex"'
------------
=== TeX engine is 'pdfTeX'
Latexmk: applying rule 'pdflatex'...
This is pdfTeX, Version 3.14159265-2.6-1.40.19 (TeX Live 2018/Arch Linux) (preloaded format=pdflatex)
 restricted \write18 enabled.
entering extended mode
(/hdd/Documents/Big G/big_g/IAS Abstract/abstract.tex
LaTeX2e <2018-12-01>
(/usr/share/texmf-dist/tex/latex/revtex4/revtex4.cls
Document Class: revtex4 2001/08/02 v4.0 (http://publish.aps.org/revtex4/ for documentation)
ltxutil: portions licensed from W. E. Baxter (web@superscript.com)
ltxgrid: portions licensed from W. E. Baxter (web@superscript.com)
(/usr/share/texmf-dist/tex/latex/url/url.sty) (/usr/share/texmf-dist/tex/latex/natbib/natbib.sty) (/usr/share/texmf-dist/tex/latex/revtex4/revsymb.sty)) (/usr/share/texmf-dist/tex/latex/revtex4/aps.rtx) (/usr/share/texmf-dist/tex/latex/revtex4/12pt.rtx) (/usr/share/texmf-dist/tex/latex/physics/physics.sty (/usr/share/texmf-dist/tex/latex/l3packages/xparse/xparse.sty (/usr/share/texmf-dist/tex/latex/l3kernel/expl3.sty (/usr/share/texmf-dist/tex/latex/l3kernel/expl3-code.tex) (/usr/share/texmf-dist/tex/latex/l3kernel/l3pdfmode.def))) (/usr/share/texmf-dist/tex/latex/amsmath/amsmath.sty
For additional information on amsmath, use the `?' option.
(/usr/share/texmf-dist/tex/latex/amsmath/amstext.sty (/usr/share/texmf-dist/tex/latex/amsmath/amsgen.sty)) (/usr/share/texmf-dist/tex/latex/amsmath/amsbsy.sty) (/usr/share/texmf-dist/tex/latex/amsmath/amsopn.sty))) (/usr/share/texmf-dist/tex/latex/siunitx/siunitx.sty (/usr/share/texmf-dist/tex/latex/tools/array.sty) (/usr/share/texmf-dist/tex/latex/l3packages/l3keys2e/l3keys2e.sty) (/usr/share/texmf-dist/tex/latex/translator/translator.sty (/usr/share/texmf-dist/tex/latex/graphics/keyval.sty))) (/usr/share/texmf-dist/tex/latex/amsfonts/amsfonts.sty) (/usr/share/texmf-dist/tex/latex/amsfonts/amssymb.sty) (/usr/share/texmf-dist/tex/latex/hyperref/hyperref.sty (/usr/share/texmf-dist/tex/generic/oberdiek/hobsub-hyperref.sty (/usr/share/texmf-dist/tex/generic/oberdiek/hobsub-generic.sty)) (/usr/share/texmf-dist/tex/generic/ifxetex/ifxetex.sty) (/usr/share/texmf-dist/tex/latex/oberdiek/auxhook.sty) (/usr/share/texmf-dist/tex/latex/oberdiek/kvoptions.sty) (/usr/share/texmf-dist/tex/latex/hyperref/pd1enc.def) (/usr/share/texmf-dist/tex/latex/latexconfig/hyperref.cfg)) (/usr/share/texmf-dist/tex/latex/hyperref/hpdftex.def (/usr/share/texmf-dist/tex/latex/oberdiek/rerunfilecheck.sty))

LaTeX Warning: Unused global option(s):
    [conference,longbibliography].

(/hdd/Documents/Big G/big_g/IAS Abstract/abstract.aux) (/usr/share/texmf-dist/tex/latex/base/ts1enc.dfu) (/usr/share/texmf-dist/tex/latex/translator/translator-basic-dictionary-English.dict) (/usr/share/texmf-dist/tex/latex/siunitx/siunitx-abbreviations.cfg)

Package hyperref Warning: Height of page (\paperheight) is invalid (0.0pt),
(hyperref)                using 11in.

(/usr/share/texmf-dist/tex/latex/hyperref/nameref.sty (/usr/share/texmf-dist/tex/generic/oberdiek/gettitlestring.sty)) (/hdd/Documents/Big G/big_g/IAS Abstract/abstract.out) (/hdd/Documents/Big G/big_g/IAS Abstract/abstract.out) (/usr/share/texmf-dist/tex/latex/amsfonts/umsa.fd) (/usr/share/texmf-dist/tex/latex/amsfonts/umsb.fd) (/usr/share/texmf-dist/tex/latex/base/ts1cmr.fd) [1{/var/lib/texmf/fonts/map/pdftex/updmap/pdftex.map}] (/hdd/Documents/Big G/big_g/IAS Abstract/abstract.aux) ){/usr/share/texmf-dist/fonts/enc/dvips/cm-super/cm-super-ts1.enc}</usr/share/texmf-dist/fonts/type1/public/amsfonts/cm/cmbx12.pfb></usr/share/texmf-dist/fonts/type1/public/amsfonts/cm/cmmi12.pfb></usr/share/texmf-dist/fonts/type1/public/amsfonts/cm/cmr12.pfb></usr/share/texmf-dist/fonts/type1/public/amsfonts/cm/cmr8.pfb></usr/share/texmf-dist/fonts/type1/public/amsfonts/cm/cmsy10.pfb></usr/share/texmf-dist/fonts/type1/public/amsfonts/cm/cmsy8.pfb></usr/share/texmf-dist/fonts/type1/public/amsfonts/cm/cmti10.pfb></usr/share/texmf-dist/fonts/type1/public/amsfonts/cm/cmti12.pfb></usr/share/texmf-dist/fonts/type1/public/cm-super/sfrm1200.pfb>
Output written on "/hdd/Documents/Big G/big_g/IAS Abstract/abstract.pdf" (1 page, 89119 bytes).
SyncTeX written on /hdd/Documents/Big G/big_g/IAS Abstract/abstract.synctex.gz.
Transcript written on "/hdd/Documents/Big G/big_g/IAS Abstract/abstract.log".
'abstract.fls' and '/hdd/Documents/Big G/big_g/IAS Abstract/abstract.fls' are identical (not copied) at /usr/bin/latexmk line 7507.
Latexmk: Log file says output to 'abstract.pdf'
=== TeX engine is 'pdfTeX'
Latexmk: All targets (/hdd/Documents/Big G/big_g/IAS Abstract/abstract.pdf) are up-to-date
Latexmk: This is Latexmk, John Collins, 25 October 2018, version: 4.61.
Rule 'pdflatex': Rules & subrules not known to be previously run:
   pdflatex
Rule 'pdflatex': The following rules & subrules became out-of-date:
      'pdflatex'
------------
Run number 1 of rule 'pdflatex'
------------
------------
Running 'pdflatex  -synctex=1 -interaction=nonstopmode -file-line-error -recorder -output-directory="/hdd/Documents/Big G/big_g/IAS Abstract"  "/hdd/Documents/Big G/big_g/IAS Abstract/abstract.tex"'
------------
Latexmk: applying rule 'pdflatex'...
This is pdfTeX, Version 3.14159265-2.6-1.40.19 (TeX Live 2018/Arch Linux) (preloaded format=pdflatex)
 restricted \write18 enabled.
entering extended mode
(/hdd/Documents/Big G/big_g/IAS Abstract/abstract.tex
LaTeX2e <2018-12-01>
(/usr/share/texmf-dist/tex/latex/revtex4/revtex4.cls
Document Class: revtex4 2001/08/02 v4.0 (http://publish.aps.org/revtex4/ for documentation)
ltxutil: portions licensed from W. E. Baxter (web@superscript.com)
ltxgrid: portions licensed from W. E. Baxter (web@superscript.com)
(/usr/share/texmf-dist/tex/latex/url/url.sty) (/usr/share/texmf-dist/tex/latex/natbib/natbib.sty) (/usr/share/texmf-dist/tex/latex/revtex4/revsymb.sty)) (/usr/share/texmf-dist/tex/latex/revtex4/aps.rtx) (/usr/share/texmf-dist/tex/latex/revtex4/12pt.rtx) (/usr/share/texmf-dist/tex/latex/physics/physics.sty (/usr/share/texmf-dist/tex/latex/l3packages/xparse/xparse.sty (/usr/share/texmf-dist/tex/latex/l3kernel/expl3.sty (/usr/share/texmf-dist/tex/latex/l3kernel/expl3-code.tex) (/usr/share/texmf-dist/tex/latex/l3kernel/l3pdfmode.def))) (/usr/share/texmf-dist/tex/latex/amsmath/amsmath.sty
For additional information on amsmath, use the `?' option.
(/usr/share/texmf-dist/tex/latex/amsmath/amstext.sty (/usr/share/texmf-dist/tex/latex/amsmath/amsgen.sty)) (/usr/share/texmf-dist/tex/latex/amsmath/amsbsy.sty) (/usr/share/texmf-dist/tex/latex/amsmath/amsopn.sty))) (/usr/share/texmf-dist/tex/latex/siunitx/siunitx.sty (/usr/share/texmf-dist/tex/latex/tools/array.sty) (/usr/share/texmf-dist/tex/latex/l3packages/l3keys2e/l3keys2e.sty) (/usr/share/texmf-dist/tex/latex/translator/translator.sty (/usr/share/texmf-dist/tex/latex/graphics/keyval.sty))) (/usr/share/texmf-dist/tex/latex/amsfonts/amsfonts.sty) (/usr/share/texmf-dist/tex/latex/amsfonts/amssymb.sty) (/usr/share/texmf-dist/tex/latex/hyperref/hyperref.sty (/usr/share/texmf-dist/tex/generic/oberdiek/hobsub-hyperref.sty (/usr/share/texmf-dist/tex/generic/oberdiek/hobsub-generic.sty)) (/usr/share/texmf-dist/tex/generic/ifxetex/ifxetex.sty) (/usr/share/texmf-dist/tex/latex/oberdiek/auxhook.sty) (/usr/share/texmf-dist/tex/latex/oberdiek/kvoptions.sty) (/usr/share/texmf-dist/tex/latex/hyperref/pd1enc.def) (/usr/share/texmf-dist/tex/latex/latexconfig/hyperref.cfg)) (/usr/share/texmf-dist/tex/latex/hyperref/hpdftex.def (/usr/share/texmf-dist/tex/latex/oberdiek/rerunfilecheck.sty))

LaTeX Warning: Unused global option(s):
    [conference,longbibliography].

(/hdd/Documents/Big G/big_g/IAS Abstract/abstract.aux) (/usr/share/texmf-dist/tex/latex/base/ts1enc.dfu) (/usr/share/texmf-dist/tex/latex/translator/translator-basic-dictionary-English.dict) (/usr/share/texmf-dist/tex/latex/siunitx/siunitx-abbreviations.cfg)

Package hyperref Warning: Height of page (\paperheight) is invalid (0.0pt),
(hyperref)                using 11in.

(/usr/share/texmf-dist/tex/latex/hyperref/nameref.sty (/usr/share/texmf-dist/tex/generic/oberdiek/gettitlestring.sty)) (/usr/share/texmf-dist/tex/latex/amsfonts/umsa.fd) (/usr/share/texmf-dist/tex/latex/amsfonts/umsb.fd) (/usr/share/texmf-dist/tex/latex/base/ts1cmr.fd) [1{/var/lib/texmf/fonts/map/pdftex/updmap/pdftex.map}] (/hdd/Documents/Big G/big_g/IAS Abstract/abstract.aux)

Package rerunfilecheck Warning: File `abstract.out' has changed.
(rerunfilecheck)                Rerun to get outlines right
(rerunfilecheck)                or use package `bookmark'.


LaTeX Warning: Label(s) may have changed. Rerun to get cross-references right .

 ){/usr/share/texmf-dist/fonts/enc/dvips/cm-super/cm-super-ts1.enc}</usr/share/texmf-dist/fonts/type1/public/amsfonts/cm/cmbx12.pfb></usr/share/texmf-dist/fonts/type1/public/amsfonts/cm/cmmi12.pfb></usr/share/texmf-dist/fonts/type1/public/amsfonts/cm/cmr12.pfb></usr/share/texmf-dist/fonts/type1/public/amsfonts/cm/cmr8.pfb></usr/share/texmf-dist/fonts/type1/public/amsfonts/cm/cmsy10.pfb></usr/share/texmf-dist/fonts/type1/public/amsfonts/cm/cmsy8.pfb></usr/share/texmf-dist/fonts/type1/public/amsfonts/cm/cmti10.pfb></usr/share/texmf-dist/fonts/type1/public/amsfonts/cm/cmti12.pfb></usr/share/texmf-dist/fonts/type1/public/cm-super/sfrm1200.pfb>
Output written on "/hdd/Documents/Big G/big_g/IAS Abstract/abstract.pdf" (1 page, 89119 bytes).
SyncTeX written on /hdd/Documents/Big G/big_g/IAS Abstract/abstract.synctex.gz.
Transcript written on "/hdd/Documents/Big G/big_g/IAS Abstract/abstract.log".
'abstract.fls' and '/hdd/Documents/Big G/big_g/IAS Abstract/abstract.fls' are identical (not copied) at /usr/bin/latexmk line 7507.
Latexmk: References changed.
Latexmk: References changed.
Latexmk: References changed.
Latexmk: Log file says output to 'abstract.pdf'
Rule 'pdflatex': File changes, etc:
   Changed files, or newly in use since previous run(s):
      '/hdd/Documents/Big G/big_g/IAS Abstract/abstract.aux'
      'abstract.aux'
      'abstract.out'
------------
Run number 2 of rule 'pdflatex'
------------
------------
Running 'pdflatex  -synctex=1 -interaction=nonstopmode -file-line-error -recorder -output-directory="/hdd/Documents/Big G/big_g/IAS Abstract"  "/hdd/Documents/Big G/big_g/IAS Abstract/abstract.tex"'
------------
=== TeX engine is 'pdfTeX'
Latexmk: applying rule 'pdflatex'...
This is pdfTeX, Version 3.14159265-2.6-1.40.19 (TeX Live 2018/Arch Linux) (preloaded format=pdflatex)
 restricted \write18 enabled.
entering extended mode
(/hdd/Documents/Big G/big_g/IAS Abstract/abstract.tex
LaTeX2e <2018-12-01>
(/usr/share/texmf-dist/tex/latex/revtex4/revtex4.cls
Document Class: revtex4 2001/08/02 v4.0 (http://publish.aps.org/revtex4/ for documentation)
ltxutil: portions licensed from W. E. Baxter (web@superscript.com)
ltxgrid: portions licensed from W. E. Baxter (web@superscript.com)
(/usr/share/texmf-dist/tex/latex/url/url.sty) (/usr/share/texmf-dist/tex/latex/natbib/natbib.sty) (/usr/share/texmf-dist/tex/latex/revtex4/revsymb.sty)) (/usr/share/texmf-dist/tex/latex/revtex4/aps.rtx) (/usr/share/texmf-dist/tex/latex/revtex4/12pt.rtx) (/usr/share/texmf-dist/tex/latex/physics/physics.sty (/usr/share/texmf-dist/tex/latex/l3packages/xparse/xparse.sty (/usr/share/texmf-dist/tex/latex/l3kernel/expl3.sty (/usr/share/texmf-dist/tex/latex/l3kernel/expl3-code.tex) (/usr/share/texmf-dist/tex/latex/l3kernel/l3pdfmode.def))) (/usr/share/texmf-dist/tex/latex/amsmath/amsmath.sty
For additional information on amsmath, use the `?' option.
(/usr/share/texmf-dist/tex/latex/amsmath/amstext.sty (/usr/share/texmf-dist/tex/latex/amsmath/amsgen.sty)) (/usr/share/texmf-dist/tex/latex/amsmath/amsbsy.sty) (/usr/share/texmf-dist/tex/latex/amsmath/amsopn.sty))) (/usr/share/texmf-dist/tex/latex/siunitx/siunitx.sty (/usr/share/texmf-dist/tex/latex/tools/array.sty) (/usr/share/texmf-dist/tex/latex/l3packages/l3keys2e/l3keys2e.sty) (/usr/share/texmf-dist/tex/latex/translator/translator.sty (/usr/share/texmf-dist/tex/latex/graphics/keyval.sty))) (/usr/share/texmf-dist/tex/latex/amsfonts/amsfonts.sty) (/usr/share/texmf-dist/tex/latex/amsfonts/amssymb.sty) (/usr/share/texmf-dist/tex/latex/hyperref/hyperref.sty (/usr/share/texmf-dist/tex/generic/oberdiek/hobsub-hyperref.sty (/usr/share/texmf-dist/tex/generic/oberdiek/hobsub-generic.sty)) (/usr/share/texmf-dist/tex/generic/ifxetex/ifxetex.sty) (/usr/share/texmf-dist/tex/latex/oberdiek/auxhook.sty) (/usr/share/texmf-dist/tex/latex/oberdiek/kvoptions.sty) (/usr/share/texmf-dist/tex/latex/hyperref/pd1enc.def) (/usr/share/texmf-dist/tex/latex/latexconfig/hyperref.cfg)) (/usr/share/texmf-dist/tex/latex/hyperref/hpdftex.def (/usr/share/texmf-dist/tex/latex/oberdiek/rerunfilecheck.sty))

LaTeX Warning: Unused global option(s):
    [conference,longbibliography].

(/hdd/Documents/Big G/big_g/IAS Abstract/abstract.aux) (/usr/share/texmf-dist/tex/latex/base/ts1enc.dfu) (/usr/share/texmf-dist/tex/latex/translator/translator-basic-dictionary-English.dict) (/usr/share/texmf-dist/tex/latex/siunitx/siunitx-abbreviations.cfg)

Package hyperref Warning: Height of page (\paperheight) is invalid (0.0pt),
(hyperref)                using 11in.

(/usr/share/texmf-dist/tex/latex/hyperref/nameref.sty (/usr/share/texmf-dist/tex/generic/oberdiek/gettitlestring.sty)) (/hdd/Documents/Big G/big_g/IAS Abstract/abstract.out) (/hdd/Documents/Big G/big_g/IAS Abstract/abstract.out) (/usr/share/texmf-dist/tex/latex/amsfonts/umsa.fd) (/usr/share/texmf-dist/tex/latex/amsfonts/umsb.fd) (/usr/share/texmf-dist/tex/latex/base/ts1cmr.fd) [1{/var/lib/texmf/fonts/map/pdftex/updmap/pdftex.map}] (/hdd/Documents/Big G/big_g/IAS Abstract/abstract.aux) ){/usr/share/texmf-dist/fonts/enc/dvips/cm-super/cm-super-ts1.enc}</usr/share/texmf-dist/fonts/type1/public/amsfonts/cm/cmbx12.pfb></usr/share/texmf-dist/fonts/type1/public/amsfonts/cm/cmmi12.pfb></usr/share/texmf-dist/fonts/type1/public/amsfonts/cm/cmr12.pfb></usr/share/texmf-dist/fonts/type1/public/amsfonts/cm/cmr8.pfb></usr/share/texmf-dist/fonts/type1/public/amsfonts/cm/cmsy10.pfb></usr/share/texmf-dist/fonts/type1/public/amsfonts/cm/cmsy8.pfb></usr/share/texmf-dist/fonts/type1/public/amsfonts/cm/cmti10.pfb></usr/share/texmf-dist/fonts/type1/public/amsfonts/cm/cmti12.pfb></usr/share/texmf-dist/fonts/type1/public/cm-super/sfrm1200.pfb>
Output written on "/hdd/Documents/Big G/big_g/IAS Abstract/abstract.pdf" (1 page, 89119 bytes).
SyncTeX written on /hdd/Documents/Big G/big_g/IAS Abstract/abstract.synctex.gz.
Transcript written on "/hdd/Documents/Big G/big_g/IAS Abstract/abstract.log".
'abstract.fls' and '/hdd/Documents/Big G/big_g/IAS Abstract/abstract.fls' are identical (not copied) at /usr/bin/latexmk line 7507.
Latexmk: Log file says output to 'abstract.pdf'
=== TeX engine is 'pdfTeX'
Latexmk: All targets (/hdd/Documents/Big G/big_g/IAS Abstract/abstract.pdf) are up-to-date
