[2019-06-03 22:23:40.140] [renderer1] [error] Error: Error: ENOENT: no such file or directory, stat '/hdd/Documents/Big G/big_g/IAS Abstract/.vscode'
[2019-06-03 22:27:08.124] [renderer1] [error] Invalid guestInstanceId: null: Error: Invalid guestInstanceId: null
    at Object.getGuestForWebContents (/usr/lib/electron/resources/electron.asar/browser/guest-view-manager.js:431:11)
    at /usr/lib/electron/resources/electron.asar/browser/rpc-server.js:444:34
    at EventEmitter.ipcMain.on.args (/usr/lib/electron/resources/electron.asar/browser/rpc-server.js:273:21)
    at EventEmitter.emit (events.js:182:13)
    at WebContents.<anonymous> (/usr/lib/electron/resources/electron.asar/browser/api/web-contents.js:368:21)
    at WebContents.emit (events.js:182:13)
[2019-06-03 22:27:59.390] [renderer1] [error] Unable to write into user settings because the file is dirty. Please save the user settings file first and then try again.: Error: Unable to write into user settings because the file is dirty. Please save the user settings file first and then try again.
    at T.reject (file:///usr/lib/code/out/vs/workbench/workbench.main.js:4177:718)
    at t.resource.resolveModelReference.then.n (file:///usr/lib/code/out/vs/workbench/workbench.main.js:4180:964)
[2019-06-03 22:28:00.659] [renderer1] [error] Unable to write into user settings because the file is dirty. Please save the user settings file first and then try again.: Error: Unable to write into user settings because the file is dirty. Please save the user settings file first and then try again.
    at T.reject (file:///usr/lib/code/out/vs/workbench/workbench.main.js:4177:718)
    at t.resource.resolveModelReference.then.n (file:///usr/lib/code/out/vs/workbench/workbench.main.js:4180:964)
[2019-06-03 22:28:10.098] [renderer1] [error] Invalid guestInstanceId: null: Error: Invalid guestInstanceId: null
    at Object.getGuestForWebContents (/usr/lib/electron/resources/electron.asar/browser/guest-view-manager.js:431:11)
    at /usr/lib/electron/resources/electron.asar/browser/rpc-server.js:444:34
    at EventEmitter.ipcMain.on.args (/usr/lib/electron/resources/electron.asar/browser/rpc-server.js:273:21)
    at EventEmitter.emit (events.js:182:13)
    at WebContents.<anonymous> (/usr/lib/electron/resources/electron.asar/browser/api/web-contents.js:368:21)
    at WebContents.emit (events.js:182:13)
[2019-06-03 22:28:27.834] [renderer1] [error] Invalid guestInstanceId: null: Error: Invalid guestInstanceId: null
    at Object.getGuestForWebContents (/usr/lib/electron/resources/electron.asar/browser/guest-view-manager.js:431:11)
    at /usr/lib/electron/resources/electron.asar/browser/rpc-server.js:444:34
    at EventEmitter.ipcMain.on.args (/usr/lib/electron/resources/electron.asar/browser/rpc-server.js:273:21)
    at EventEmitter.emit (events.js:182:13)
    at WebContents.<anonymous> (/usr/lib/electron/resources/electron.asar/browser/api/web-contents.js:368:21)
    at WebContents.emit (events.js:182:13)
[2019-06-03 22:34:15.890] [renderer1] [error] Unable to write into user settings because the file is dirty. Please save the user settings file first and then try again.: Error: Unable to write into user settings because the file is dirty. Please save the user settings file first and then try again.
    at T.reject (file:///usr/lib/code/out/vs/workbench/workbench.main.js:4177:718)
    at t.resource.resolveModelReference.then.n (file:///usr/lib/code/out/vs/workbench/workbench.main.js:4180:964)
[2019-06-03 22:34:25.721] [renderer1] [error] Unable to write into user settings because the file is dirty. Please save the user settings file first and then try again.: Error: Unable to write into user settings because the file is dirty. Please save the user settings file first and then try again.
    at T.reject (file:///usr/lib/code/out/vs/workbench/workbench.main.js:4177:718)
    at t.resource.resolveModelReference.then.n (file:///usr/lib/code/out/vs/workbench/workbench.main.js:4180:964)
[2019-06-03 22:34:59.058] [renderer1] [error] Unable to write into user settings because the file is dirty. Please save the user settings file first and then try again.: Error: Unable to write into user settings because the file is dirty. Please save the user settings file first and then try again.
    at T.reject (file:///usr/lib/code/out/vs/workbench/workbench.main.js:4177:718)
    at t.resource.resolveModelReference.then.n (file:///usr/lib/code/out/vs/workbench/workbench.main.js:4180:964)
[2019-06-03 22:35:03.220] [renderer1] [error] Unable to write into user settings because the file is dirty. Please save the user settings file first and then try again.: Error: Unable to write into user settings because the file is dirty. Please save the user settings file first and then try again.
    at T.reject (file:///usr/lib/code/out/vs/workbench/workbench.main.js:4177:718)
    at t.resource.resolveModelReference.then.n (file:///usr/lib/code/out/vs/workbench/workbench.main.js:4180:964)
[2019-06-03 22:35:56.025] [renderer1] [error] Unable to write into user settings because the file is dirty. Please save the user settings file first and then try again.: Error: Unable to write into user settings because the file is dirty. Please save the user settings file first and then try again.
    at T.reject (file:///usr/lib/code/out/vs/workbench/workbench.main.js:4177:718)
    at t.resource.resolveModelReference.then.n (file:///usr/lib/code/out/vs/workbench/workbench.main.js:4180:964)
[2019-06-03 22:36:18.373] [renderer1] [error] Unable to write into user settings because the file is dirty. Please save the user settings file first and then try again.: Error: Unable to write into user settings because the file is dirty. Please save the user settings file first and then try again.
    at T.reject (file:///usr/lib/code/out/vs/workbench/workbench.main.js:4177:718)
    at t.resource.resolveModelReference.then.n (file:///usr/lib/code/out/vs/workbench/workbench.main.js:4180:964)
