[2019-06-03 22:37:39.928] [renderer1] [error] Error: Error: ENOENT: no such file or directory, stat '/hdd/Documents/Big G/big_g/IAS Abstract/.vscode'
[2019-06-03 22:39:13.130] [renderer1] [error] Unable to write into user settings because the file is dirty. Please save the user settings file first and then try again.: Error: Unable to write into user settings because the file is dirty. Please save the user settings file first and then try again.
    at T.reject (file:///usr/lib/code/out/vs/workbench/workbench.main.js:4177:718)
    at t.resource.resolveModelReference.then.n (file:///usr/lib/code/out/vs/workbench/workbench.main.js:4180:964)
[2019-06-03 22:39:15.940] [renderer1] [error] Unable to write into user settings because the file is dirty. Please save the user settings file first and then try again.: Error: Unable to write into user settings because the file is dirty. Please save the user settings file first and then try again.
    at T.reject (file:///usr/lib/code/out/vs/workbench/workbench.main.js:4177:718)
    at t.resource.resolveModelReference.then.n (file:///usr/lib/code/out/vs/workbench/workbench.main.js:4180:964)
[2019-06-03 22:39:28.272] [renderer1] [error] Unable to write into user settings because the file is dirty. Please save the user settings file first and then try again.: Error: Unable to write into user settings because the file is dirty. Please save the user settings file first and then try again.
    at T.reject (file:///usr/lib/code/out/vs/workbench/workbench.main.js:4177:718)
    at t.resource.resolveModelReference.then.n (file:///usr/lib/code/out/vs/workbench/workbench.main.js:4180:964)
[2019-06-03 22:39:33.013] [renderer1] [error] Unable to write into user settings because the file is dirty. Please save the user settings file first and then try again.: Error: Unable to write into user settings because the file is dirty. Please save the user settings file first and then try again.
    at T.reject (file:///usr/lib/code/out/vs/workbench/workbench.main.js:4177:718)
    at t.resource.resolveModelReference.then.n (file:///usr/lib/code/out/vs/workbench/workbench.main.js:4180:964)
[2019-06-03 22:39:35.755] [renderer1] [error] Unable to write into user settings because the file is dirty. Please save the user settings file first and then try again.: Error: Unable to write into user settings because the file is dirty. Please save the user settings file first and then try again.
    at T.reject (file:///usr/lib/code/out/vs/workbench/workbench.main.js:4177:718)
    at t.resource.resolveModelReference.then.n (file:///usr/lib/code/out/vs/workbench/workbench.main.js:4180:964)
[2019-06-03 22:39:37.512] [renderer1] [error] Unable to write into user settings because the file is dirty. Please save the user settings file first and then try again.: Error: Unable to write into user settings because the file is dirty. Please save the user settings file first and then try again.
    at T.reject (file:///usr/lib/code/out/vs/workbench/workbench.main.js:4177:718)
    at t.resource.resolveModelReference.then.n (file:///usr/lib/code/out/vs/workbench/workbench.main.js:4180:964)
[2019-06-03 22:39:38.565] [renderer1] [error] Unable to write into user settings because the file is dirty. Please save the user settings file first and then try again.: Error: Unable to write into user settings because the file is dirty. Please save the user settings file first and then try again.
    at T.reject (file:///usr/lib/code/out/vs/workbench/workbench.main.js:4177:718)
    at t.resource.resolveModelReference.then.n (file:///usr/lib/code/out/vs/workbench/workbench.main.js:4180:964)
[2019-06-03 22:40:32.560] [renderer1] [error] Unable to write into user settings because the file is dirty. Please save the user settings file first and then try again.: Error: Unable to write into user settings because the file is dirty. Please save the user settings file first and then try again.
    at T.reject (file:///usr/lib/code/out/vs/workbench/workbench.main.js:4177:718)
    at t.resource.resolveModelReference.then.n (file:///usr/lib/code/out/vs/workbench/workbench.main.js:4180:964)
[2019-06-03 22:40:33.934] [renderer1] [error] Unable to write into user settings because the file is dirty. Please save the user settings file first and then try again.: Error: Unable to write into user settings because the file is dirty. Please save the user settings file first and then try again.
    at T.reject (file:///usr/lib/code/out/vs/workbench/workbench.main.js:4177:718)
    at t.resource.resolveModelReference.then.n (file:///usr/lib/code/out/vs/workbench/workbench.main.js:4180:964)
[2019-06-03 22:40:36.718] [renderer1] [error] Unable to write into user settings because the file is dirty. Please save the user settings file first and then try again.: Error: Unable to write into user settings because the file is dirty. Please save the user settings file first and then try again.
    at T.reject (file:///usr/lib/code/out/vs/workbench/workbench.main.js:4177:718)
    at t.resource.resolveModelReference.then.n (file:///usr/lib/code/out/vs/workbench/workbench.main.js:4180:964)
[2019-06-03 22:41:14.342] [renderer1] [error] Unable to write into user settings because the file is dirty. Please save the user settings file first and then try again.: Error: Unable to write into user settings because the file is dirty. Please save the user settings file first and then try again.
    at T.reject (file:///usr/lib/code/out/vs/workbench/workbench.main.js:4177:718)
    at t.resource.resolveModelReference.then.n (file:///usr/lib/code/out/vs/workbench/workbench.main.js:4180:964)
[2019-06-03 22:42:03.645] [renderer1] [error] Unable to write into user settings because the file is dirty. Please save the user settings file first and then try again.: Error: Unable to write into user settings because the file is dirty. Please save the user settings file first and then try again.
    at T.reject (file:///usr/lib/code/out/vs/workbench/workbench.main.js:4177:718)
    at t.resource.resolveModelReference.then.n (file:///usr/lib/code/out/vs/workbench/workbench.main.js:4180:964)
[2019-06-03 22:42:06.542] [renderer1] [error] Unable to write into user settings because the file is dirty. Please save the user settings file first and then try again.: Error: Unable to write into user settings because the file is dirty. Please save the user settings file first and then try again.
    at T.reject (file:///usr/lib/code/out/vs/workbench/workbench.main.js:4177:718)
    at t.resource.resolveModelReference.then.n (file:///usr/lib/code/out/vs/workbench/workbench.main.js:4180:964)
[2019-06-03 22:42:23.110] [renderer1] [error] Unable to write into user settings. Please open the user settings to correct errors/warnings in it and try again.: Error: Unable to write into user settings. Please open the user settings to correct errors/warnings in it and try again.
    at T.reject (file:///usr/lib/code/out/vs/workbench/workbench.main.js:4177:718)
    at t.resource.resolveModelReference.then.n (file:///usr/lib/code/out/vs/workbench/workbench.main.js:4180:901)
[2019-06-03 22:42:32.533] [renderer1] [error] Unable to write into user settings because the file is dirty. Please save the user settings file first and then try again.: Error: Unable to write into user settings because the file is dirty. Please save the user settings file first and then try again.
    at T.reject (file:///usr/lib/code/out/vs/workbench/workbench.main.js:4177:718)
    at t.resource.resolveModelReference.then.n (file:///usr/lib/code/out/vs/workbench/workbench.main.js:4180:964)
[2019-06-03 22:42:33.782] [renderer1] [error] Unable to write into user settings because the file is dirty. Please save the user settings file first and then try again.: Error: Unable to write into user settings because the file is dirty. Please save the user settings file first and then try again.
    at T.reject (file:///usr/lib/code/out/vs/workbench/workbench.main.js:4177:718)
    at t.resource.resolveModelReference.then.n (file:///usr/lib/code/out/vs/workbench/workbench.main.js:4180:964)
[2019-06-03 22:48:56.948] [renderer1] [error] Error: Error: ENOENT: no such file or directory, stat '/home/rutujsg/Documents/LaTeX/Test/.vscode'
[2019-06-03 22:53:24.596] [renderer1] [error] Missing PDF "/home/rutujsg/Documents/LaTeX/Test/test.pdf".: Error: 
	at /home/rutujsg/.vscode-oss/extensions/james-yu.latex-workshop-7.0.0/out/src/main.js:371:8561
	at Object.module.exports.n (/home/rutujsg/.vscode-oss/extensions/james-yu.latex-workshop-7.0.0/out/src/main.js:371:8589)
	at r (/home/rutujsg/.vscode-oss/extensions/james-yu.latex-workshop-7.0.0/out/src/main.js:371:3981)
	at Object.module.exports.Object.defineProperty.value (/home/rutujsg/.vscode-oss/extensions/james-yu.latex-workshop-7.0.0/out/src/main.js:371:4826)
	at r (/home/rutujsg/.vscode-oss/extensions/james-yu.latex-workshop-7.0.0/out/src/main.js:371:3981)
	at /home/rutujsg/.vscode-oss/extensions/james-yu.latex-workshop-7.0.0/out/src/main.js:371:4780
	at n (/home/rutujsg/.vscode-oss/extensions/james-yu.latex-workshop-7.0.0/out/src/main.js:371:4789)
	at Object.module.exports.Object.defineProperty.value (/home/rutujsg/.vscode-oss/extensions/james-yu.latex-workshop-7.0.0/out/src/main.js:371:316119)
	at n (/home/rutujsg/.vscode-oss/extensions/james-yu.latex-workshop-7.0.0/out/src/main.js:1:287)
	at Object.<anonymous> (/home/rutujsg/.vscode-oss/extensions/james-yu.latex-workshop-7.0.0/out/src/main.js:363:17405)
	at n (/home/rutujsg/.vscode-oss/extensions/james-yu.latex-workshop-7.0.0/out/src/main.js:1:287)
	at Object.module.exports.n.__awaiter.r (/home/rutujsg/.vscode-oss/extensions/james-yu.latex-workshop-7.0.0/out/src/main.js:137:78500)
	at n (/home/rutujsg/.vscode-oss/extensions/james-yu.latex-workshop-7.0.0/out/src/main.js:1:287)
	at /home/rutujsg/.vscode-oss/extensions/james-yu.latex-workshop-7.0.0/out/src/main.js:1:1310
	at Object.<anonymous> (/home/rutujsg/.vscode-oss/extensions/james-yu.latex-workshop-7.0.0/out/src/main.js:1:1321)
	at Object.<anonymous> (/home/rutujsg/.vscode-oss/extensions/james-yu.latex-workshop-7.0.0/out/src/main.js:373:3)
	at Module._compile (internal/modules/cjs/loader.js:693:30)
	at Object.Module._extensions..js (internal/modules/cjs/loader.js:704:10)
	at Module.load (internal/modules/cjs/loader.js:602:32)
	at tryModuleLoad (internal/modules/cjs/loader.js:541:12)
	at Function.Module._load (internal/modules/cjs/loader.js:533:3)
	at Function.define._installInterceptor.i._load (/usr/lib/code/out/vs/workbench/services/extensions/node/extensionHostProcess.js:480:42)
	at Function.t._load (/usr/lib/code/out/vs/workbench/services/extensions/node/extensionHostProcess.js:743:482)
	at Function.t.getExtensionPathIndex.then.i._load (/usr/lib/code/out/vs/workbench/services/extensions/node/extensionHostProcess.js:669:176)
	at Module.require (internal/modules/cjs/loader.js:640:17)
	at require (internal/modules/cjs/helpers.js:20:18)
	at Function.i [as __$__nodeRequire] (/usr/lib/code/out/vs/loader.js:31:542)
	at /usr/lib/code/out/vs/workbench/services/extensions/node/extensionHostProcess.js:730:450
	at k._doActivateExtension (/usr/lib/code/out/vs/workbench/services/extensions/node/extensionHostProcess.js:730:558)
	at k._activateExtension (/usr/lib/code/out/vs/workbench/services/extensions/node/extensionHostProcess.js:729:404)
	at k.<anonymous> (/usr/lib/code/out/vs/workbench/services/extensions/node/extensionHostProcess.js:726:266)
	at Generator.next (<anonymous>)
	at n (/usr/lib/code/out/vs/workbench/services/extensions/node/extensionHostProcess.js:13:388)
	at new Promise (<anonymous>)
	at n (/usr/lib/code/out/vs/workbench/services/extensions/node/extensionHostProcess.js:13:165)
	at Object.actualActivateExtension (/usr/lib/code/out/vs/workbench/services/extensions/node/extensionHostProcess.js:725:959)
	at p._activateExtension (/usr/lib/code/out/vs/workbench/services/extensions/node/extensionHostProcess.js:468:561)
	at define._activateExtensions.r.length.Promise.all.o.map.e (/usr/lib/code/out/vs/workbench/services/extensions/node/extensionHostProcess.js:468:245)
	at Array.map (<anonymous>)
	at p._activateExtensions (/usr/lib/code/out/vs/workbench/services/extensions/node/extensionHostProcess.js:468:233)
	at p.activateByEvent (/usr/lib/code/out/vs/workbench/services/extensions/node/extensionHostProcess.js:466:126)
	at k._activateByEvent (/usr/lib/code/out/vs/workbench/services/extensions/node/extensionHostProcess.js:728:69)
	at define.$activateByEvent._readyToRunExtensions.wait.then.t (/usr/lib/code/out/vs/workbench/services/extensions/node/extensionHostProcess.js:736:208)
