[23:13:57] Initializing LaTeX Workshop.
[23:13:57] Creating LaTeX Workshop http and websocket server.
[23:13:57] LaTeX Workshop initialized.
[23:13:57] Found root file from active editor: /home/rutujsg/Documents/LaTeX/Test/test.tex
[23:13:57] Root file changed from: undefined. Find all dependencies.
[23:13:57] Instantiating a new file watcher for /home/rutujsg/Documents/LaTeX/Test/test.tex
[23:13:57] Parsing /home/rutujsg/Documents/LaTeX/Test/test.tex
[23:13:57] Cannot find file /home/rutujsg/Documents/LaTeX/Test/test.fls
[23:13:57] Server created on 127.0.0.1:44663
[23:13:57] Snippet data loaded.
[23:13:57] LaTeX Workshop version: 7.0.0
[23:15:34] BUILD command invoked.
[23:15:34] Found root file from active editor: /home/rutujsg/Documents/LaTeX/Test/test.tex
[23:15:34] Root file remains unchanged from: /home/rutujsg/Documents/LaTeX/Test/test.tex.
[23:15:34] Building root file: /home/rutujsg/Documents/LaTeX/Test/test.tex
[23:15:34] Build root file /home/rutujsg/Documents/LaTeX/Test/test.tex
[23:15:34] Recipe step 1: latexmk, -synctex=1,-interaction=nonstopmode,-file-line-error,-pdf,-outdir=/home/rutujsg/Documents/LaTeX/Test,/home/rutujsg/Documents/LaTeX/Test/test
[23:15:34] LaTeX build process spawned. PID: 24279.
[23:15:34] LaTeX log parsed with 1 messages.
[23:15:34] Recipe of length 1 finished. PID: 24279.
[23:15:34] Successfully built /home/rutujsg/Documents/LaTeX/Test/test.tex.
[23:15:34] No PDF viewer connected for /home/rutujsg/Documents/LaTeX/Test/test.pdf
[23:15:34] Parsing /home/rutujsg/Documents/LaTeX/Test/test.fls to compute dependencies
[23:15:34] Auto Clean invoked.
[23:15:34] Found root file from active editor: /home/rutujsg/Documents/LaTeX/Test/test.tex
[23:15:34] Root file remains unchanged from: /home/rutujsg/Documents/LaTeX/Test/test.tex.
[23:15:34] File cleaned: /home/rutujsg/Documents/LaTeX/Test/test.fls
[23:15:34] File cleaned: /home/rutujsg/Documents/LaTeX/Test/test.log
[23:15:34] File cleaned: /home/rutujsg/Documents/LaTeX/Test/test.aux
[23:15:34] File cleaned: /home/rutujsg/Documents/LaTeX/Test/test.fdb_latexmk
[23:15:57] Parsing /home/rutujsg/Documents/LaTeX/Test/test.tex
[23:15:57] Cannot find file /home/rutujsg/Documents/LaTeX/Test/test.fls
[23:15:57] File watcher: responding to change in /home/rutujsg/Documents/LaTeX/Test/test.tex
[23:15:57] /home/rutujsg/Documents/LaTeX/Test/test.tex changed. Auto build project.
[23:15:57] BUILD command invoked.
[23:15:57] Building root file: /home/rutujsg/Documents/LaTeX/Test/test.tex
[23:15:57] Build root file /home/rutujsg/Documents/LaTeX/Test/test.tex
[23:15:57] Recipe step 1: latexmk, -synctex=1,-interaction=nonstopmode,-file-line-error,-pdf,-outdir=/home/rutujsg/Documents/LaTeX/Test,/home/rutujsg/Documents/LaTeX/Test/test
[23:15:57] LaTeX build process spawned. PID: 24525.
[23:15:58] LaTeX log parsed with 2 messages.
[23:15:58] Recipe of length 1 finished. PID: 24525.
[23:15:58] Successfully built /home/rutujsg/Documents/LaTeX/Test/test.tex.
[23:15:58] No PDF viewer connected for /home/rutujsg/Documents/LaTeX/Test/test.pdf
[23:15:58] Parsing /home/rutujsg/Documents/LaTeX/Test/test.fls to compute dependencies
[23:15:58] Auto Clean invoked.
[23:15:58] Found root file from active editor: /home/rutujsg/Documents/LaTeX/Test/test.tex
[23:15:58] Root file remains unchanged from: /home/rutujsg/Documents/LaTeX/Test/test.tex.
[23:15:58] File cleaned: /home/rutujsg/Documents/LaTeX/Test/test.aux
[23:15:58] File cleaned: /home/rutujsg/Documents/LaTeX/Test/test.fls
[23:15:58] File cleaned: /home/rutujsg/Documents/LaTeX/Test/test.log
[23:15:58] File cleaned: /home/rutujsg/Documents/LaTeX/Test/test.fdb_latexmk
[23:17:43] Parsing /home/rutujsg/Documents/LaTeX/Test/test.tex
[23:17:43] Cannot find file /home/rutujsg/Documents/LaTeX/Test/test.fls
[23:17:43] File watcher: responding to change in /home/rutujsg/Documents/LaTeX/Test/test.tex
[23:17:43] /home/rutujsg/Documents/LaTeX/Test/test.tex changed. Auto build project.
[23:17:43] BUILD command invoked.
[23:17:43] Building root file: /home/rutujsg/Documents/LaTeX/Test/test.tex
[23:17:43] Build root file /home/rutujsg/Documents/LaTeX/Test/test.tex
[23:17:44] Recipe step 1: latexmk, -synctex=1,-interaction=nonstopmode,-file-line-error,-pdf,-outdir=/home/rutujsg/Documents/LaTeX/Test,/home/rutujsg/Documents/LaTeX/Test/test
[23:17:44] LaTeX build process spawned. PID: 25447.
[23:17:45] LaTeX log parsed with 1 messages.
[23:17:45] Recipe of length 1 finished. PID: 25447.
[23:17:45] Successfully built /home/rutujsg/Documents/LaTeX/Test/test.tex.
[23:17:45] No PDF viewer connected for /home/rutujsg/Documents/LaTeX/Test/test.pdf
[23:17:45] Parsing /home/rutujsg/Documents/LaTeX/Test/test.fls to compute dependencies
[23:17:45] Auto Clean invoked.
[23:17:45] Found root file from active editor: /home/rutujsg/Documents/LaTeX/Test/test.tex
[23:17:45] Root file remains unchanged from: /home/rutujsg/Documents/LaTeX/Test/test.tex.
[23:17:45] File cleaned: /home/rutujsg/Documents/LaTeX/Test/test.aux
[23:17:45] File cleaned: /home/rutujsg/Documents/LaTeX/Test/test.fls
[23:17:45] File cleaned: /home/rutujsg/Documents/LaTeX/Test/test.log
[23:17:45] File cleaned: /home/rutujsg/Documents/LaTeX/Test/test.fdb_latexmk
[23:18:11] Parsing /home/rutujsg/Documents/LaTeX/Test/test.tex
[23:18:11] Cannot find file /home/rutujsg/Documents/LaTeX/Test/test.fls
[23:18:11] File watcher: responding to change in /home/rutujsg/Documents/LaTeX/Test/test.tex
[23:18:11] /home/rutujsg/Documents/LaTeX/Test/test.tex changed. Auto build project.
[23:18:11] BUILD command invoked.
[23:18:11] Building root file: /home/rutujsg/Documents/LaTeX/Test/test.tex
[23:18:11] Build root file /home/rutujsg/Documents/LaTeX/Test/test.tex
[23:18:11] Recipe step 1: latexmk, -synctex=1,-interaction=nonstopmode,-file-line-error,-pdf,-outdir=/home/rutujsg/Documents/LaTeX/Test,/home/rutujsg/Documents/LaTeX/Test/test
[23:18:11] LaTeX build process spawned. PID: 25772.
[23:18:12] LaTeX log parsed with 2 messages.
[23:18:12] Recipe of length 1 finished. PID: 25772.
[23:18:12] Successfully built /home/rutujsg/Documents/LaTeX/Test/test.tex.
[23:18:12] No PDF viewer connected for /home/rutujsg/Documents/LaTeX/Test/test.pdf
[23:18:12] Parsing /home/rutujsg/Documents/LaTeX/Test/test.fls to compute dependencies
[23:18:12] Auto Clean invoked.
[23:18:12] Found root file from active editor: /home/rutujsg/Documents/LaTeX/Test/test.tex
[23:18:12] Root file remains unchanged from: /home/rutujsg/Documents/LaTeX/Test/test.tex.
[23:18:12] File cleaned: /home/rutujsg/Documents/LaTeX/Test/test.fls
[23:18:12] File cleaned: /home/rutujsg/Documents/LaTeX/Test/test.log
[23:18:12] File cleaned: /home/rutujsg/Documents/LaTeX/Test/test.aux
[23:18:12] File cleaned: /home/rutujsg/Documents/LaTeX/Test/test.fdb_latexmk
[23:18:37] Parsing /home/rutujsg/Documents/LaTeX/Test/test.tex
[23:18:37] Cannot find file /home/rutujsg/Documents/LaTeX/Test/test.fls
[23:18:37] File watcher: responding to change in /home/rutujsg/Documents/LaTeX/Test/test.tex
[23:18:37] /home/rutujsg/Documents/LaTeX/Test/test.tex changed. Auto build project.
[23:18:37] BUILD command invoked.
[23:18:37] Building root file: /home/rutujsg/Documents/LaTeX/Test/test.tex
[23:18:37] Build root file /home/rutujsg/Documents/LaTeX/Test/test.tex
[23:18:37] Recipe step 1: latexmk, -synctex=1,-interaction=nonstopmode,-file-line-error,-pdf,-outdir=/home/rutujsg/Documents/LaTeX/Test,/home/rutujsg/Documents/LaTeX/Test/test
[23:18:37] LaTeX build process spawned. PID: 26077.
[23:18:38] LaTeX log parsed with 2 messages.
[23:18:38] Recipe of length 1 finished. PID: 26077.
[23:18:38] Successfully built /home/rutujsg/Documents/LaTeX/Test/test.tex.
[23:18:38] No PDF viewer connected for /home/rutujsg/Documents/LaTeX/Test/test.pdf
[23:18:38] Parsing /home/rutujsg/Documents/LaTeX/Test/test.fls to compute dependencies
[23:18:38] Auto Clean invoked.
[23:18:38] Found root file from active editor: /home/rutujsg/Documents/LaTeX/Test/test.tex
[23:18:38] Root file remains unchanged from: /home/rutujsg/Documents/LaTeX/Test/test.tex.
[23:18:38] File cleaned: /home/rutujsg/Documents/LaTeX/Test/test.fls
[23:18:38] File cleaned: /home/rutujsg/Documents/LaTeX/Test/test.aux
[23:18:38] File cleaned: /home/rutujsg/Documents/LaTeX/Test/test.fdb_latexmk
[23:18:38] File cleaned: /home/rutujsg/Documents/LaTeX/Test/test.log
[23:21:26] Parsing /home/rutujsg/Documents/LaTeX/Test/test.tex
[23:21:26] Cannot find file /home/rutujsg/Documents/LaTeX/Test/test.fls
[23:21:26] File watcher: responding to change in /home/rutujsg/Documents/LaTeX/Test/test.tex
[23:21:26] /home/rutujsg/Documents/LaTeX/Test/test.tex changed. Auto build project.
[23:21:26] BUILD command invoked.
[23:21:26] Building root file: /home/rutujsg/Documents/LaTeX/Test/test.tex
[23:21:26] Build root file /home/rutujsg/Documents/LaTeX/Test/test.tex
[23:21:26] Recipe step 1: latexmk, -synctex=1,-interaction=nonstopmode,-file-line-error,-pdf,-outdir=/home/rutujsg/Documents/LaTeX/Test,/home/rutujsg/Documents/LaTeX/Test/test
[23:21:26] LaTeX build process spawned. PID: 27716.
[23:21:26] LaTeX log parsed with 4 messages.
[23:21:26] Recipe returns with error: 12/null. PID: 27716.
[23:21:26] Cleaning auxillary files and retrying build after toolchain error.
[23:21:26] CLEAN command invoked.
[23:21:26] Found root file from active editor: /home/rutujsg/Documents/LaTeX/Test/test.tex
[23:21:26] Root file remains unchanged from: /home/rutujsg/Documents/LaTeX/Test/test.tex.
[23:21:26] Found root file from active editor: /home/rutujsg/Documents/LaTeX/Test/test.tex
[23:21:26] Root file remains unchanged from: /home/rutujsg/Documents/LaTeX/Test/test.tex.
[23:21:26] File cleaned: /home/rutujsg/Documents/LaTeX/Test/test.aux
[23:21:26] File cleaned: /home/rutujsg/Documents/LaTeX/Test/test.fls
[23:21:26] File cleaned: /home/rutujsg/Documents/LaTeX/Test/test.log
[23:21:26] File cleaned: /home/rutujsg/Documents/LaTeX/Test/test.fdb_latexmk
[23:21:26] Recipe step 1: latexmk, -synctex=1,-interaction=nonstopmode,-file-line-error,-pdf,-outdir=/home/rutujsg/Documents/LaTeX/Test,/home/rutujsg/Documents/LaTeX/Test/test
[23:21:26] LaTeX build process spawned. PID: 27725.
[23:21:27] LaTeX log parsed with 4 messages.
[23:21:27] Recipe returns with error: 12/null. PID: 27725.
[23:21:27] CLEAN command invoked.
[23:21:27] Found root file from active editor: /home/rutujsg/Documents/LaTeX/Test/test.tex
[23:21:27] Root file remains unchanged from: /home/rutujsg/Documents/LaTeX/Test/test.tex.
[23:21:27] Found root file from active editor: /home/rutujsg/Documents/LaTeX/Test/test.tex
[23:21:27] Root file remains unchanged from: /home/rutujsg/Documents/LaTeX/Test/test.tex.
[23:21:27] File cleaned: /home/rutujsg/Documents/LaTeX/Test/test.fls
[23:21:27] File cleaned: /home/rutujsg/Documents/LaTeX/Test/test.aux
[23:21:27] File cleaned: /home/rutujsg/Documents/LaTeX/Test/test.log
[23:21:27] File cleaned: /home/rutujsg/Documents/LaTeX/Test/test.fdb_latexmk
[23:25:09] Parsing /home/rutujsg/Documents/LaTeX/Test/test.tex
[23:25:09] Cannot find file /home/rutujsg/Documents/LaTeX/Test/test.fls
[23:25:09] File watcher: responding to change in /home/rutujsg/Documents/LaTeX/Test/test.tex
[23:25:09] /home/rutujsg/Documents/LaTeX/Test/test.tex changed. Auto build project.
[23:25:09] BUILD command invoked.
[23:25:09] Building root file: /home/rutujsg/Documents/LaTeX/Test/test.tex
[23:25:09] Build root file /home/rutujsg/Documents/LaTeX/Test/test.tex
[23:25:09] Recipe step 1: latexmk, -synctex=1,-interaction=nonstopmode,-file-line-error,-pdf,-outdir=/home/rutujsg/Documents/LaTeX/Test,/home/rutujsg/Documents/LaTeX/Test/test
[23:25:09] LaTeX build process spawned. PID: 29951.
[23:25:10] LaTeX log parsed with 2 messages.
[23:25:10] Recipe of length 1 finished. PID: 29951.
[23:25:10] Successfully built /home/rutujsg/Documents/LaTeX/Test/test.tex.
[23:25:10] No PDF viewer connected for /home/rutujsg/Documents/LaTeX/Test/test.pdf
[23:25:10] Parsing /home/rutujsg/Documents/LaTeX/Test/test.fls to compute dependencies
[23:25:10] Auto Clean invoked.
[23:25:10] Found root file from active editor: /home/rutujsg/Documents/LaTeX/Test/test.tex
[23:25:10] Root file remains unchanged from: /home/rutujsg/Documents/LaTeX/Test/test.tex.
[23:25:10] File cleaned: /home/rutujsg/Documents/LaTeX/Test/test.aux
[23:25:10] File cleaned: /home/rutujsg/Documents/LaTeX/Test/test.fls
[23:25:10] File cleaned: /home/rutujsg/Documents/LaTeX/Test/test.log
[23:25:10] File cleaned: /home/rutujsg/Documents/LaTeX/Test/test.fdb_latexmk
[23:26:02] Parsing /home/rutujsg/Documents/LaTeX/Test/test.tex
[23:26:02] Cannot find file /home/rutujsg/Documents/LaTeX/Test/test.fls
[23:26:02] File watcher: responding to change in /home/rutujsg/Documents/LaTeX/Test/test.tex
[23:26:02] /home/rutujsg/Documents/LaTeX/Test/test.tex changed. Auto build project.
[23:26:02] BUILD command invoked.
[23:26:02] Building root file: /home/rutujsg/Documents/LaTeX/Test/test.tex
[23:26:02] Build root file /home/rutujsg/Documents/LaTeX/Test/test.tex
[23:26:02] Recipe step 1: latexmk, -synctex=1,-interaction=nonstopmode,-file-line-error,-pdf,-outdir=/home/rutujsg/Documents/LaTeX/Test,/home/rutujsg/Documents/LaTeX/Test/test
[23:26:02] LaTeX build process spawned. PID: 30447.
[23:26:03] LaTeX log parsed with 1 messages.
[23:26:03] Recipe of length 1 finished. PID: 30447.
[23:26:03] Successfully built /home/rutujsg/Documents/LaTeX/Test/test.tex.
[23:26:03] No PDF viewer connected for /home/rutujsg/Documents/LaTeX/Test/test.pdf
[23:26:03] Parsing /home/rutujsg/Documents/LaTeX/Test/test.fls to compute dependencies
[23:26:03] Auto Clean invoked.
[23:26:03] Found root file from active editor: /home/rutujsg/Documents/LaTeX/Test/test.tex
[23:26:03] Root file remains unchanged from: /home/rutujsg/Documents/LaTeX/Test/test.tex.
[23:26:03] File cleaned: /home/rutujsg/Documents/LaTeX/Test/test.fls
[23:26:03] File cleaned: /home/rutujsg/Documents/LaTeX/Test/test.aux
[23:26:03] File cleaned: /home/rutujsg/Documents/LaTeX/Test/test.log
[23:26:03] File cleaned: /home/rutujsg/Documents/LaTeX/Test/test.fdb_latexmk
