[2019-06-01 22:55:51.741] [sharedprocess] [info] main {"machineId":"77f35418027e851a07610432aa3955b8a837faef1650c2f5e4c13876e2e28d94"}
[2019-06-01 22:55:51.828] [sharedprocess] [info] Scanned user extensions: 4
[2019-06-01 22:55:51.852] [sharedprocess] [info] Scanned user extensions: 4
[2019-06-01 22:55:51.897] [sharedprocess] [info] Scanned system extensions: 72
[2019-06-01 22:55:51.899] [sharedprocess] [info] Scanned system extensions: 72
[2019-06-01 22:55:51.928] [sharedprocess] [info] Scanned user extensions: 4
[2019-06-01 22:55:51.942] [sharedprocess] [info] Scanned system extensions: 72
[2019-06-01 22:55:52.209] [sharedprocess] [info] Scanned user extensions: 4
[2019-06-01 22:56:18.243] [sharedprocess] [info] Scanned user extensions: 4
[2019-06-01 22:56:18.258] [sharedprocess] [info] Scanned user extensions: 4
[2019-06-01 22:56:18.261] [sharedprocess] [info] Scanned user extensions: 4
[2019-06-01 22:56:18.274] [sharedprocess] [info] Scanned user extensions: 4
[2019-06-01 22:56:18.334] [sharedprocess] [info] Scanned system extensions: 72
[2019-06-01 22:56:18.337] [sharedprocess] [info] Scanned system extensions: 72
[2019-06-01 22:56:18.341] [sharedprocess] [info] Scanned system extensions: 72
[2019-06-01 22:56:18.376] [sharedprocess] [info] Scanned user extensions: 4
[2019-06-01 22:56:18.404] [sharedprocess] [info] Scanned user extensions: 4
[2019-06-01 22:56:18.413] [sharedprocess] [info] Scanned system extensions: 72
[2019-06-01 22:56:18.428] [sharedprocess] [info] Scanned user extensions: 4
[2019-06-01 22:56:18.443] [sharedprocess] [info] Scanned system extensions: 72
[2019-06-01 22:56:18.453] [sharedprocess] [info] Scanned system extensions: 72
[2019-06-01 22:56:31.749] [sharedprocess] [info] Starting to clean up unused language packs.
[2019-06-01 22:57:32.972] [sharedprocess] [info] Installing extension: monokai.theme-monokai-pro-vscode
[2019-06-01 22:57:32.992] [sharedprocess] [info] Scanned user extensions: 4
[2019-06-01 22:57:33.680] [sharedprocess] [info] Downloaded extension: monokai.theme-monokai-pro-vscode /tmp/9423860a-84a2-4267-8dd6-7ab6395b0268
[2019-06-01 22:57:33.859] [sharedprocess] [info] Extracted extension to /home/rutujsg/.vscode-oss/extensions/.monokai.theme-monokai-pro-vscode-1.1.13: monokai.theme-monokai-pro-vscode
[2019-06-01 22:57:33.860] [sharedprocess] [info] Renamed to /home/rutujsg/.vscode-oss/extensions/monokai.theme-monokai-pro-vscode-1.1.13
[2019-06-01 22:57:33.863] [sharedprocess] [info] Installation completed. monokai.theme-monokai-pro-vscode
[2019-06-01 22:57:33.929] [sharedprocess] [info] Extensions installed successfully: monokai.theme-monokai-pro-vscode
