[2019-06-03 23:13:58.770] [sharedprocess] [info] main {"machineId":"77f35418027e851a07610432aa3955b8a837faef1650c2f5e4c13876e2e28d94"}
[2019-06-03 23:13:58.894] [sharedprocess] [info] Scanned user extensions: 6
[2019-06-03 23:13:58.907] [sharedprocess] [info] Scanned user extensions: 6
[2019-06-03 23:13:58.912] [sharedprocess] [info] Scanned user extensions: 6
[2019-06-03 23:13:58.936] [sharedprocess] [info] Scanned system extensions: 72
[2019-06-03 23:13:58.938] [sharedprocess] [info] Scanned system extensions: 72
[2019-06-03 23:13:58.966] [sharedprocess] [info] Scanned user extensions: 6
[2019-06-03 23:13:58.977] [sharedprocess] [info] Scanned system extensions: 72
[2019-06-03 23:14:24.534] [sharedprocess] [info] Scanned user extensions: 6
[2019-06-03 23:14:24.538] [sharedprocess] [info] Scanned user extensions: 6
[2019-06-03 23:14:24.540] [sharedprocess] [info] Scanned user extensions: 6
[2019-06-03 23:14:24.541] [sharedprocess] [info] Scanned user extensions: 6
[2019-06-03 23:14:24.592] [sharedprocess] [info] Scanned system extensions: 72
[2019-06-03 23:14:24.597] [sharedprocess] [info] Scanned system extensions: 72
[2019-06-03 23:14:24.600] [sharedprocess] [info] Scanned system extensions: 72
[2019-06-03 23:14:24.625] [sharedprocess] [info] Scanned user extensions: 6
[2019-06-03 23:14:24.650] [sharedprocess] [info] Scanned user extensions: 6
[2019-06-03 23:14:24.667] [sharedprocess] [info] Scanned system extensions: 72
[2019-06-03 23:14:24.677] [sharedprocess] [info] Scanned user extensions: 6
[2019-06-03 23:14:24.688] [sharedprocess] [info] Scanned system extensions: 72
[2019-06-03 23:14:24.697] [sharedprocess] [info] Scanned system extensions: 72
[2019-06-03 23:14:38.790] [sharedprocess] [info] Starting to clean up unused language packs.
[2019-06-03 23:14:47.250] [sharedprocess] [info] Scanned user extensions: 6
[2019-06-03 23:14:47.250] [sharedprocess] [info] Uninstalling extension: monokai.theme-monokai-pro-vscode
[2019-06-03 23:14:47.258] [sharedprocess] [info] Scanned user extensions: 6
[2019-06-03 23:14:47.566] [sharedprocess] [info] Successfully uninstalled extension: monokai.theme-monokai-pro-vscode
[2019-06-03 23:18:58.972] [sharedprocess] [info] Scanned user extensions: 5
[2019-06-03 23:23:59.286] [sharedprocess] [info] Scanned user extensions: 5
[2019-06-03 23:28:59.377] [sharedprocess] [info] Scanned user extensions: 5
