[2019-06-01 23:49:03.131] [sharedprocess] [info] main {"machineId":"77f35418027e851a07610432aa3955b8a837faef1650c2f5e4c13876e2e28d94"}
[2019-06-01 23:49:03.225] [sharedprocess] [info] Scanned user extensions: 5
[2019-06-01 23:49:03.246] [sharedprocess] [info] Scanned user extensions: 5
[2019-06-01 23:49:03.248] [sharedprocess] [info] Scanned user extensions: 5
[2019-06-01 23:49:03.287] [sharedprocess] [info] Scanned system extensions: 72
[2019-06-01 23:49:03.291] [sharedprocess] [info] Scanned user extensions: 5
[2019-06-01 23:49:03.294] [sharedprocess] [info] Scanned system extensions: 72
[2019-06-01 23:49:03.298] [sharedprocess] [info] Scanned system extensions: 72
[2019-06-01 23:49:03.329] [sharedprocess] [info] Scanned user extensions: 5
[2019-06-01 23:49:03.342] [sharedprocess] [info] Scanned system extensions: 72
[2019-06-01 23:49:43.139] [sharedprocess] [info] Starting to clean up unused language packs.
[2019-06-01 23:54:03.329] [sharedprocess] [info] Scanned user extensions: 5
[2019-06-01 23:59:03.375] [sharedprocess] [info] Scanned user extensions: 5
[2019-06-01 23:59:22.478] [sharedprocess] [info] Scanned user extensions: 5
[2019-06-01 23:59:22.481] [sharedprocess] [info] Scanned user extensions: 5
[2019-06-01 23:59:22.484] [sharedprocess] [info] Scanned user extensions: 5
[2019-06-01 23:59:22.487] [sharedprocess] [info] Scanned user extensions: 5
[2019-06-01 23:59:22.536] [sharedprocess] [info] Scanned system extensions: 72
[2019-06-01 23:59:22.540] [sharedprocess] [info] Scanned system extensions: 72
[2019-06-01 23:59:22.544] [sharedprocess] [info] Scanned system extensions: 72
[2019-06-01 23:59:22.589] [sharedprocess] [info] Scanned user extensions: 5
[2019-06-01 23:59:22.635] [sharedprocess] [info] Scanned user extensions: 5
[2019-06-01 23:59:22.649] [sharedprocess] [info] Scanned system extensions: 72
[2019-06-01 23:59:22.660] [sharedprocess] [info] Scanned user extensions: 5
[2019-06-01 23:59:22.678] [sharedprocess] [info] Scanned system extensions: 72
[2019-06-01 23:59:22.686] [sharedprocess] [info] Scanned system extensions: 72
[2019-06-01 23:59:31.371] [sharedprocess] [info] Installing extension: vscodevim.vim
[2019-06-01 23:59:31.420] [sharedprocess] [info] Scanned user extensions: 5
[2019-06-01 23:59:32.476] [sharedprocess] [info] Downloaded extension: vscodevim.vim /tmp/0bf8971e-78a5-4788-9107-f9b0584be854
[2019-06-01 23:59:34.189] [sharedprocess] [info] Extracted extension to /home/rutujsg/.vscode-oss/extensions/.vscodevim.vim-1.8.1: vscodevim.vim
[2019-06-01 23:59:34.190] [sharedprocess] [info] Renamed to /home/rutujsg/.vscode-oss/extensions/vscodevim.vim-1.8.1
[2019-06-01 23:59:34.192] [sharedprocess] [info] Installation completed. vscodevim.vim
[2019-06-01 23:59:34.554] [sharedprocess] [info] Extensions installed successfully: vscodevim.vim
