[22:49:11] Initializing LaTeX Workshop.
[22:49:11] Creating LaTeX Workshop http and websocket server.
[22:49:11] LaTeX Workshop initialized.
[22:49:11] Server created on 127.0.0.1:35063
[22:49:11] Snippet data loaded.
[22:49:11] LaTeX Workshop version: 7.0.0
[22:53:23] BUILD command invoked.
[22:53:23] Found root file from active editor: /home/rutujsg/Documents/LaTeX/Test/test.tex
[22:53:23] Root file changed from: undefined. Find all dependencies.
[22:53:23] Instantiating a new file watcher for /home/rutujsg/Documents/LaTeX/Test/test.tex
[22:53:23] Parsing /home/rutujsg/Documents/LaTeX/Test/test.tex
[22:53:23] Cannot find file /home/rutujsg/Documents/LaTeX/Test/test.fls
[22:53:23] Building root file: /home/rutujsg/Documents/LaTeX/Test/test.tex
[22:53:23] Build root file /home/rutujsg/Documents/LaTeX/Test/test.tex
[22:53:23] Recipe step 1: latexmk, -synctex=1,-interaction=nonstopmode,-file-line-error,-pdf,-outdir=/home/rutujsg/Documents/LaTeX/Test,/home/rutujsg/Documents/LaTeX/Test/test
[22:53:23] LaTeX build process spawned. PID: 12261.
[22:53:24] LaTeX log parsed with 3 messages.
[22:53:24] Recipe returns with error: 12/null. PID: 12261.
[22:53:24] Cleaning auxillary files and retrying build after toolchain error.
[22:53:24] CLEAN command invoked.
[22:53:24] Found root file from active editor: /home/rutujsg/Documents/LaTeX/Test/test.tex
[22:53:24] Root file remains unchanged from: /home/rutujsg/Documents/LaTeX/Test/test.tex.
[22:53:24] Found root file from active editor: /home/rutujsg/Documents/LaTeX/Test/test.tex
[22:53:24] Root file remains unchanged from: /home/rutujsg/Documents/LaTeX/Test/test.tex.
[22:53:24] File cleaned: /home/rutujsg/Documents/LaTeX/Test/test.aux
[22:53:24] File cleaned: /home/rutujsg/Documents/LaTeX/Test/test.fls
[22:53:24] File cleaned: /home/rutujsg/Documents/LaTeX/Test/test.log
[22:53:24] File cleaned: /home/rutujsg/Documents/LaTeX/Test/test.fdb_latexmk
[22:53:24] Recipe step 1: latexmk, -synctex=1,-interaction=nonstopmode,-file-line-error,-pdf,-outdir=/home/rutujsg/Documents/LaTeX/Test,/home/rutujsg/Documents/LaTeX/Test/test
[22:53:24] LaTeX build process spawned. PID: 12269.
[22:53:25] LaTeX log parsed with 3 messages.
[22:53:25] Recipe returns with error: 12/null. PID: 12269.
[22:53:25] CLEAN command invoked.
[22:53:25] Found root file from active editor: /home/rutujsg/Documents/LaTeX/Test/test.tex
[22:53:25] Root file remains unchanged from: /home/rutujsg/Documents/LaTeX/Test/test.tex.
[22:53:25] Found root file from active editor: /home/rutujsg/Documents/LaTeX/Test/test.tex
[22:53:25] Root file remains unchanged from: /home/rutujsg/Documents/LaTeX/Test/test.tex.
[22:53:25] File cleaned: /home/rutujsg/Documents/LaTeX/Test/test.aux
[22:53:25] File cleaned: /home/rutujsg/Documents/LaTeX/Test/test.log
[22:53:25] File cleaned: /home/rutujsg/Documents/LaTeX/Test/test.fls
[22:53:25] File cleaned: /home/rutujsg/Documents/LaTeX/Test/test.fdb_latexmk
[22:54:15] Parsing /home/rutujsg/Documents/LaTeX/Test/test.tex
[22:54:15] Cannot find file /home/rutujsg/Documents/LaTeX/Test/test.fls
[22:54:15] File watcher: responding to change in /home/rutujsg/Documents/LaTeX/Test/test.tex
[22:54:15] /home/rutujsg/Documents/LaTeX/Test/test.tex changed. Auto build project.
[22:54:15] BUILD command invoked.
[22:54:15] Building root file: /home/rutujsg/Documents/LaTeX/Test/test.tex
[22:54:15] Build root file /home/rutujsg/Documents/LaTeX/Test/test.tex
[22:54:15] Recipe step 1: latexmk, -synctex=1,-interaction=nonstopmode,-file-line-error,-pdf,-outdir=/home/rutujsg/Documents/LaTeX/Test,/home/rutujsg/Documents/LaTeX/Test/test
[22:54:15] LaTeX build process spawned. PID: 12763.
[22:54:16] LaTeX log parsed with 1 messages.
[22:54:16] Recipe of length 1 finished. PID: 12763.
[22:54:16] Successfully built /home/rutujsg/Documents/LaTeX/Test/test.tex.
[22:54:16] No PDF viewer connected for /home/rutujsg/Documents/LaTeX/Test/test.pdf
[22:54:16] Parsing /home/rutujsg/Documents/LaTeX/Test/test.fls to compute dependencies
[22:54:16] Auto Clean invoked.
[22:54:16] Found root file from active editor: /home/rutujsg/Documents/LaTeX/Test/test.tex
[22:54:16] Root file remains unchanged from: /home/rutujsg/Documents/LaTeX/Test/test.tex.
[22:54:16] File cleaned: /home/rutujsg/Documents/LaTeX/Test/test.aux
[22:54:16] File cleaned: /home/rutujsg/Documents/LaTeX/Test/test.log
[22:54:16] File cleaned: /home/rutujsg/Documents/LaTeX/Test/test.fls
[22:54:16] File cleaned: /home/rutujsg/Documents/LaTeX/Test/test.fdb_latexmk
[22:54:26] VIEW command invoked.
[22:54:26] Found root file from active editor: /home/rutujsg/Documents/LaTeX/Test/test.tex
[22:54:26] Root file remains unchanged from: /home/rutujsg/Documents/LaTeX/Test/test.tex.
[22:54:26] Open external viewer for /home/rutujsg/Documents/LaTeX/Test/test.pdf
[22:56:08] Parsing /home/rutujsg/Documents/LaTeX/Test/test.tex
[22:56:08] Cannot find file /home/rutujsg/Documents/LaTeX/Test/test.fls
[22:56:08] File watcher: responding to change in /home/rutujsg/Documents/LaTeX/Test/test.tex
[22:56:08] /home/rutujsg/Documents/LaTeX/Test/test.tex changed. Auto build project.
[22:56:08] BUILD command invoked.
[22:56:08] Building root file: /home/rutujsg/Documents/LaTeX/Test/test.tex
[22:56:08] Build root file /home/rutujsg/Documents/LaTeX/Test/test.tex
[22:56:08] Recipe step 1: latexmk, -synctex=1,-interaction=nonstopmode,-file-line-error,-pdf,-outdir=/home/rutujsg/Documents/LaTeX/Test,/home/rutujsg/Documents/LaTeX/Test/test
[22:56:08] LaTeX build process spawned. PID: 13788.
[22:56:09] LaTeX log parsed with 1 messages.
[22:56:09] Recipe of length 1 finished. PID: 13788.
[22:56:09] Successfully built /home/rutujsg/Documents/LaTeX/Test/test.tex.
[22:56:09] No PDF viewer connected for /home/rutujsg/Documents/LaTeX/Test/test.pdf
[22:56:09] Parsing /home/rutujsg/Documents/LaTeX/Test/test.fls to compute dependencies
[22:56:09] Auto Clean invoked.
[22:56:09] Found root file from active editor: /home/rutujsg/Documents/LaTeX/Test/test.tex
[22:56:09] Root file remains unchanged from: /home/rutujsg/Documents/LaTeX/Test/test.tex.
[22:56:09] File cleaned: /home/rutujsg/Documents/LaTeX/Test/test.aux
[22:56:09] File cleaned: /home/rutujsg/Documents/LaTeX/Test/test.fls
[22:56:09] File cleaned: /home/rutujsg/Documents/LaTeX/Test/test.log
[22:56:09] File cleaned: /home/rutujsg/Documents/LaTeX/Test/test.fdb_latexmk
[22:56:13] VIEW command invoked.
[22:56:13] Found root file from active editor: /home/rutujsg/Documents/LaTeX/Test/test.tex
[22:56:13] Root file remains unchanged from: /home/rutujsg/Documents/LaTeX/Test/test.tex.
[22:56:13] Open external viewer for /home/rutujsg/Documents/LaTeX/Test/test.pdf
[23:02:16] Parsing /home/rutujsg/Documents/LaTeX/Test/test.tex
[23:02:16] Cannot find file /home/rutujsg/Documents/LaTeX/Test/test.fls
[23:02:16] File watcher: responding to change in /home/rutujsg/Documents/LaTeX/Test/test.tex
[23:02:16] /home/rutujsg/Documents/LaTeX/Test/test.tex changed. Auto build project.
[23:02:16] BUILD command invoked.
[23:02:16] Building root file: /home/rutujsg/Documents/LaTeX/Test/test.tex
[23:02:16] Build root file /home/rutujsg/Documents/LaTeX/Test/test.tex
[23:02:16] Recipe step 1: latexmk, -synctex=1,-interaction=nonstopmode,-file-line-error,-pdf,-outdir=/home/rutujsg/Documents/LaTeX/Test,/home/rutujsg/Documents/LaTeX/Test/test
[23:02:16] LaTeX build process spawned. PID: 17035.
[23:02:16] LaTeX log parsed with 18 messages.
[23:02:16] Recipe returns with error: 12/null. PID: 17035.
[23:02:16] Cleaning auxillary files and retrying build after toolchain error.
[23:02:16] CLEAN command invoked.
[23:02:16] Found root file from active editor: /home/rutujsg/Documents/LaTeX/Test/test.tex
[23:02:16] Root file remains unchanged from: /home/rutujsg/Documents/LaTeX/Test/test.tex.
[23:02:16] Found root file from active editor: /home/rutujsg/Documents/LaTeX/Test/test.tex
[23:02:16] Root file remains unchanged from: /home/rutujsg/Documents/LaTeX/Test/test.tex.
[23:02:16] File cleaned: /home/rutujsg/Documents/LaTeX/Test/test.aux
[23:02:16] File cleaned: /home/rutujsg/Documents/LaTeX/Test/test.fls
[23:02:16] File cleaned: /home/rutujsg/Documents/LaTeX/Test/test.log
[23:02:16] File cleaned: /home/rutujsg/Documents/LaTeX/Test/test.fdb_latexmk
[23:02:16] Recipe step 1: latexmk, -synctex=1,-interaction=nonstopmode,-file-line-error,-pdf,-outdir=/home/rutujsg/Documents/LaTeX/Test,/home/rutujsg/Documents/LaTeX/Test/test
[23:02:16] LaTeX build process spawned. PID: 17040.
[23:02:17] LaTeX log parsed with 18 messages.
[23:02:17] Recipe returns with error: 12/null. PID: 17040.
[23:02:17] CLEAN command invoked.
[23:02:17] Found root file from active editor: /home/rutujsg/Documents/LaTeX/Test/test.tex
[23:02:17] Root file remains unchanged from: /home/rutujsg/Documents/LaTeX/Test/test.tex.
[23:02:17] Found root file from active editor: /home/rutujsg/Documents/LaTeX/Test/test.tex
[23:02:17] Root file remains unchanged from: /home/rutujsg/Documents/LaTeX/Test/test.tex.
[23:02:17] File cleaned: /home/rutujsg/Documents/LaTeX/Test/test.fls
[23:02:17] File cleaned: /home/rutujsg/Documents/LaTeX/Test/test.aux
[23:02:17] File cleaned: /home/rutujsg/Documents/LaTeX/Test/test.log
[23:02:17] File cleaned: /home/rutujsg/Documents/LaTeX/Test/test.fdb_latexmk
[23:02:30] Parsing /home/rutujsg/Documents/LaTeX/Test/test.tex
[23:02:30] Cannot find file /home/rutujsg/Documents/LaTeX/Test/test.fls
[23:02:30] File watcher: responding to change in /home/rutujsg/Documents/LaTeX/Test/test.tex
[23:02:30] /home/rutujsg/Documents/LaTeX/Test/test.tex changed. Auto build project.
[23:02:30] BUILD command invoked.
[23:02:30] Building root file: /home/rutujsg/Documents/LaTeX/Test/test.tex
[23:02:30] Build root file /home/rutujsg/Documents/LaTeX/Test/test.tex
[23:02:30] Recipe step 1: latexmk, -synctex=1,-interaction=nonstopmode,-file-line-error,-pdf,-outdir=/home/rutujsg/Documents/LaTeX/Test,/home/rutujsg/Documents/LaTeX/Test/test
[23:02:30] LaTeX build process spawned. PID: 17181.
[23:02:31] LaTeX log parsed with 1 messages.
[23:02:31] Recipe of length 1 finished. PID: 17181.
[23:02:31] Successfully built /home/rutujsg/Documents/LaTeX/Test/test.tex.
[23:02:31] No PDF viewer connected for /home/rutujsg/Documents/LaTeX/Test/test.pdf
[23:02:31] Parsing /home/rutujsg/Documents/LaTeX/Test/test.fls to compute dependencies
[23:02:31] Auto Clean invoked.
[23:02:31] Found root file from active editor: /home/rutujsg/Documents/LaTeX/Test/test.tex
[23:02:31] Root file remains unchanged from: /home/rutujsg/Documents/LaTeX/Test/test.tex.
[23:02:31] File cleaned: /home/rutujsg/Documents/LaTeX/Test/test.fls
[23:02:31] File cleaned: /home/rutujsg/Documents/LaTeX/Test/test.log
[23:02:31] File cleaned: /home/rutujsg/Documents/LaTeX/Test/test.aux
[23:02:31] File cleaned: /home/rutujsg/Documents/LaTeX/Test/test.fdb_latexmk
