ReadyLatexmk: This is Latexmk, John Collins, 25 October 2018, version: 4.61.
Rule 'pdflatex': Rules & subrules not known to be previously run:
   pdflatex
Rule 'pdflatex': The following rules & subrules became out-of-date:
      'pdflatex'
------------
Run number 1 of rule 'pdflatex'
------------
------------
Running 'pdflatex  -synctex=1 -interaction=nonstopmode -file-line-error -recorder -output-directory="/home/rutujsg/Documents/LaTeX/Test"  "/home/rutujsg/Documents/LaTeX/Test/test.tex"'
------------
Latexmk: applying rule 'pdflatex'...
This is pdfTeX, Version 3.14159265-2.6-1.40.19 (TeX Live 2018/Arch Linux) (preloaded format=pdflatex)
 restricted \write18 enabled.
entering extended mode
(/home/rutujsg/Documents/LaTeX/Test/test.tex
LaTeX2e <2018-12-01>
(/usr/share/texmf-dist/tex/latex/base/article.cls
Document Class: article 2018/09/03 v1.4i Standard LaTeX document class
(/usr/share/texmf-dist/tex/latex/base/size12.clo)) (/usr/share/texmf-dist/tex/latex/physics/physics.sty (/usr/share/texmf-dist/tex/latex/l3packages/xparse/xparse.sty (/usr/share/texmf-dist/tex/latex/l3kernel/expl3.sty (/usr/share/texmf-dist/tex/latex/l3kernel/expl3-code.tex) (/usr/share/texmf-dist/tex/latex/l3kernel/l3pdfmode.def))) (/usr/share/texmf-dist/tex/latex/amsmath/amsmath.sty
For additional information on amsmath, use the `?' option.
(/usr/share/texmf-dist/tex/latex/amsmath/amstext.sty (/usr/share/texmf-dist/tex/latex/amsmath/amsgen.sty)) (/usr/share/texmf-dist/tex/latex/amsmath/amsbsy.sty) (/usr/share/texmf-dist/tex/latex/amsmath/amsopn.sty))) (/usr/share/texmf-dist/tex/latex/amsfonts/amssymb.sty (/usr/share/texmf-dist/tex/latex/amsfonts/amsfonts.sty)) (/usr/share/texmf-dist/tex/latex/siunitx/siunitx.sty (/usr/share/texmf-dist/tex/latex/tools/array.sty) (/usr/share/texmf-dist/tex/latex/l3packages/l3keys2e/l3keys2e.sty) (/usr/share/texmf-dist/tex/latex/translator/translator.sty (/usr/share/texmf-dist/tex/latex/graphics/keyval.sty))) (/usr/share/texmf-dist/tex/latex/lipsum/lipsum.sty (/usr/share/texmf-dist/tex/latex/lipsum/lipsum.ltd.tex)) (/usr/share/texmf-dist/tex/latex/graphics/graphicx.sty (/usr/share/texmf-dist/tex/latex/graphics/graphics.sty (/usr/share/texmf-dist/tex/latex/graphics/trig.sty) (/usr/share/texmf-dist/tex/latex/graphics-cfg/graphics.cfg) (/usr/share/texmf-dist/tex/latex/graphics-def/pdftex.def)))

LaTeX Warning: Unused global option(s):
    [1in].

(/home/rutujsg/Documents/LaTeX/Test/test.aux) (/usr/share/texmf-dist/tex/latex/base/ts1enc.dfu) (/usr/share/texmf-dist/tex/latex/translator/translator-basic-dictionary-English.dict) (/usr/share/texmf-dist/tex/latex/siunitx/siunitx-abbreviations.cfg) (/usr/share/texmf-dist/tex/context/base/mkii/supp-pdf.mkii
[Loading MPS to PDF converter (version 2006.09.02).]
) (/usr/share/texmf-dist/tex/latex/oberdiek/epstopdf-base.sty (/usr/share/texmf-dist/tex/generic/oberdiek/infwarerr.sty) (/usr/share/texmf-dist/tex/latex/oberdiek/grfext.sty (/usr/share/texmf-dist/tex/generic/oberdiek/kvdefinekeys.sty (/usr/share/texmf-dist/tex/generic/oberdiek/ltxcmds.sty))) (/usr/share/texmf-dist/tex/latex/oberdiek/kvoptions.sty (/usr/share/texmf-dist/tex/generic/oberdiek/kvsetkeys.sty (/usr/share/texmf-dist/tex/generic/oberdiek/etexcmds.sty (/usr/share/texmf-dist/tex/generic/oberdiek/ifluatex.sty)))) (/usr/share/texmf-dist/tex/generic/oberdiek/pdftexcmds.sty (/usr/share/texmf-dist/tex/generic/oberdiek/ifpdf.sty)) (/usr/share/texmf-dist/tex/latex/latexconfig/epstopdf-sys.cfg)) (/usr/share/texmf-dist/tex/latex/amsfonts/umsa.fd) (/usr/share/texmf-dist/tex/latex/amsfonts/umsb.fd)
/home/rutujsg/Documents/LaTeX/Test/test.tex:13: Missing $ inserted.
<inserted text> 
                $
l.13    \limsup
               
/home/rutujsg/Documents/LaTeX/Test/test.tex:14: Missing $ inserted.
<inserted text> 
                $
l.14 \end{document}
                   
[1{/var/lib/texmf/fonts/map/pdftex/updmap/pdftex.map}] (/home/rutujsg/Documents/LaTeX/Test/test.aux) )
(see the transcript file for additional information)</usr/share/texmf-dist/fonts/type1/public/amsfonts/cm/cmbx12.pfb></usr/share/texmf-dist/fonts/type1/public/amsfonts/cm/cmr12.pfb></usr/share/texmf-dist/fonts/type1/public/amsfonts/cm/cmr17.pfb>
Output written on /home/rutujsg/Documents/LaTeX/Test/test.pdf (1 page, 32873 bytes).
SyncTeX written on /home/rutujsg/Documents/LaTeX/Test/test.synctex.gz.
Transcript written on /home/rutujsg/Documents/LaTeX/Test/test.log.
'test.fls' and '/home/rutujsg/Documents/LaTeX/Test/test.fls' are identical (not copied) at /usr/bin/latexmk line 7507.
Latexmk: Log file says output to 'test.pdf'
Collected error summary (may duplicate other messages):
  pdflatex: Command for 'pdflatex' gave return code 1
      Refer to '/home/rutujsg/Documents/LaTeX/Test/test.log' for details
Latexmk: Use the -f option to force complete processing,
 unless error was exceeding maximum runs, or warnings treated as errors.
=== TeX engine is 'pdfTeX'
Latexmk: Errors, so I did not complete making targets
Latexmk: This is Latexmk, John Collins, 25 October 2018, version: 4.61.
Rule 'pdflatex': Rules & subrules not known to be previously run:
   pdflatex
Rule 'pdflatex': The following rules & subrules became out-of-date:
      'pdflatex'
------------
Run number 1 of rule 'pdflatex'
------------
------------
Running 'pdflatex  -synctex=1 -interaction=nonstopmode -file-line-error -recorder -output-directory="/home/rutujsg/Documents/LaTeX/Test"  "/home/rutujsg/Documents/LaTeX/Test/test.tex"'
------------
Latexmk: applying rule 'pdflatex'...
This is pdfTeX, Version 3.14159265-2.6-1.40.19 (TeX Live 2018/Arch Linux) (preloaded format=pdflatex)
 restricted \write18 enabled.
entering extended mode
(/home/rutujsg/Documents/LaTeX/Test/test.tex
LaTeX2e <2018-12-01>
(/usr/share/texmf-dist/tex/latex/base/article.cls
Document Class: article 2018/09/03 v1.4i Standard LaTeX document class
(/usr/share/texmf-dist/tex/latex/base/size12.clo)) (/usr/share/texmf-dist/tex/latex/physics/physics.sty (/usr/share/texmf-dist/tex/latex/l3packages/xparse/xparse.sty (/usr/share/texmf-dist/tex/latex/l3kernel/expl3.sty (/usr/share/texmf-dist/tex/latex/l3kernel/expl3-code.tex) (/usr/share/texmf-dist/tex/latex/l3kernel/l3pdfmode.def))) (/usr/share/texmf-dist/tex/latex/amsmath/amsmath.sty
For additional information on amsmath, use the `?' option.
(/usr/share/texmf-dist/tex/latex/amsmath/amstext.sty (/usr/share/texmf-dist/tex/latex/amsmath/amsgen.sty)) (/usr/share/texmf-dist/tex/latex/amsmath/amsbsy.sty) (/usr/share/texmf-dist/tex/latex/amsmath/amsopn.sty))) (/usr/share/texmf-dist/tex/latex/amsfonts/amssymb.sty (/usr/share/texmf-dist/tex/latex/amsfonts/amsfonts.sty)) (/usr/share/texmf-dist/tex/latex/siunitx/siunitx.sty (/usr/share/texmf-dist/tex/latex/tools/array.sty) (/usr/share/texmf-dist/tex/latex/l3packages/l3keys2e/l3keys2e.sty) (/usr/share/texmf-dist/tex/latex/translator/translator.sty (/usr/share/texmf-dist/tex/latex/graphics/keyval.sty))) (/usr/share/texmf-dist/tex/latex/lipsum/lipsum.sty (/usr/share/texmf-dist/tex/latex/lipsum/lipsum.ltd.tex)) (/usr/share/texmf-dist/tex/latex/graphics/graphicx.sty (/usr/share/texmf-dist/tex/latex/graphics/graphics.sty (/usr/share/texmf-dist/tex/latex/graphics/trig.sty) (/usr/share/texmf-dist/tex/latex/graphics-cfg/graphics.cfg) (/usr/share/texmf-dist/tex/latex/graphics-def/pdftex.def)))

LaTeX Warning: Unused global option(s):
    [1in].

(/home/rutujsg/Documents/LaTeX/Test/test.aux) (/usr/share/texmf-dist/tex/latex/base/ts1enc.dfu) (/usr/share/texmf-dist/tex/latex/translator/translator-basic-dictionary-English.dict) (/usr/share/texmf-dist/tex/latex/siunitx/siunitx-abbreviations.cfg) (/usr/share/texmf-dist/tex/context/base/mkii/supp-pdf.mkii
[Loading MPS to PDF converter (version 2006.09.02).]
) (/usr/share/texmf-dist/tex/latex/oberdiek/epstopdf-base.sty (/usr/share/texmf-dist/tex/generic/oberdiek/infwarerr.sty) (/usr/share/texmf-dist/tex/latex/oberdiek/grfext.sty (/usr/share/texmf-dist/tex/generic/oberdiek/kvdefinekeys.sty (/usr/share/texmf-dist/tex/generic/oberdiek/ltxcmds.sty))) (/usr/share/texmf-dist/tex/latex/oberdiek/kvoptions.sty (/usr/share/texmf-dist/tex/generic/oberdiek/kvsetkeys.sty (/usr/share/texmf-dist/tex/generic/oberdiek/etexcmds.sty (/usr/share/texmf-dist/tex/generic/oberdiek/ifluatex.sty)))) (/usr/share/texmf-dist/tex/generic/oberdiek/pdftexcmds.sty (/usr/share/texmf-dist/tex/generic/oberdiek/ifpdf.sty)) (/usr/share/texmf-dist/tex/latex/latexconfig/epstopdf-sys.cfg)) (/usr/share/texmf-dist/tex/latex/amsfonts/umsa.fd) (/usr/share/texmf-dist/tex/latex/amsfonts/umsb.fd)
/home/rutujsg/Documents/LaTeX/Test/test.tex:13: Missing $ inserted.
<inserted text> 
                $
l.13    \limsup
               
/home/rutujsg/Documents/LaTeX/Test/test.tex:14: Missing $ inserted.
<inserted text> 
                $
l.14 \end{document}
                   
[1{/var/lib/texmf/fonts/map/pdftex/updmap/pdftex.map}] (/home/rutujsg/Documents/LaTeX/Test/test.aux) )
(see the transcript file for additional information)</usr/share/texmf-dist/fonts/type1/public/amsfonts/cm/cmbx12.pfb></usr/share/texmf-dist/fonts/type1/public/amsfonts/cm/cmr12.pfb></usr/share/texmf-dist/fonts/type1/public/amsfonts/cm/cmr17.pfb>
Output written on /home/rutujsg/Documents/LaTeX/Test/test.pdf (1 page, 32873 bytes).
SyncTeX written on /home/rutujsg/Documents/LaTeX/Test/test.synctex.gz.
Transcript written on /home/rutujsg/Documents/LaTeX/Test/test.log.
'test.fls' and '/home/rutujsg/Documents/LaTeX/Test/test.fls' are identical (not copied) at /usr/bin/latexmk line 7507.
Latexmk: Log file says output to 'test.pdf'
Collected error summary (may duplicate other messages):
  pdflatex: Command for 'pdflatex' gave return code 1
      Refer to '/home/rutujsg/Documents/LaTeX/Test/test.log' for details
Latexmk: Use the -f option to force complete processing,
 unless error was exceeding maximum runs, or warnings treated as errors.
=== TeX engine is 'pdfTeX'
Latexmk: Errors, so I did not complete making targets
Latexmk: This is Latexmk, John Collins, 25 October 2018, version: 4.61.
Rule 'pdflatex': Rules & subrules not known to be previously run:
   pdflatex
Rule 'pdflatex': The following rules & subrules became out-of-date:
      'pdflatex'
------------
Run number 1 of rule 'pdflatex'
------------
------------
Running 'pdflatex  -synctex=1 -interaction=nonstopmode -file-line-error -recorder -output-directory="/home/rutujsg/Documents/LaTeX/Test"  "/home/rutujsg/Documents/LaTeX/Test/test.tex"'
------------
Latexmk: applying rule 'pdflatex'...
This is pdfTeX, Version 3.14159265-2.6-1.40.19 (TeX Live 2018/Arch Linux) (preloaded format=pdflatex)
 restricted \write18 enabled.
entering extended mode
(/home/rutujsg/Documents/LaTeX/Test/test.tex
LaTeX2e <2018-12-01>
(/usr/share/texmf-dist/tex/latex/base/article.cls
Document Class: article 2018/09/03 v1.4i Standard LaTeX document class
(/usr/share/texmf-dist/tex/latex/base/size12.clo)) (/usr/share/texmf-dist/tex/latex/physics/physics.sty (/usr/share/texmf-dist/tex/latex/l3packages/xparse/xparse.sty (/usr/share/texmf-dist/tex/latex/l3kernel/expl3.sty (/usr/share/texmf-dist/tex/latex/l3kernel/expl3-code.tex) (/usr/share/texmf-dist/tex/latex/l3kernel/l3pdfmode.def))) (/usr/share/texmf-dist/tex/latex/amsmath/amsmath.sty
For additional information on amsmath, use the `?' option.
(/usr/share/texmf-dist/tex/latex/amsmath/amstext.sty (/usr/share/texmf-dist/tex/latex/amsmath/amsgen.sty)) (/usr/share/texmf-dist/tex/latex/amsmath/amsbsy.sty) (/usr/share/texmf-dist/tex/latex/amsmath/amsopn.sty))) (/usr/share/texmf-dist/tex/latex/amsfonts/amssymb.sty (/usr/share/texmf-dist/tex/latex/amsfonts/amsfonts.sty)) (/usr/share/texmf-dist/tex/latex/siunitx/siunitx.sty (/usr/share/texmf-dist/tex/latex/tools/array.sty) (/usr/share/texmf-dist/tex/latex/l3packages/l3keys2e/l3keys2e.sty) (/usr/share/texmf-dist/tex/latex/translator/translator.sty (/usr/share/texmf-dist/tex/latex/graphics/keyval.sty))) (/usr/share/texmf-dist/tex/latex/lipsum/lipsum.sty (/usr/share/texmf-dist/tex/latex/lipsum/lipsum.ltd.tex)) (/usr/share/texmf-dist/tex/latex/graphics/graphicx.sty (/usr/share/texmf-dist/tex/latex/graphics/graphics.sty (/usr/share/texmf-dist/tex/latex/graphics/trig.sty) (/usr/share/texmf-dist/tex/latex/graphics-cfg/graphics.cfg) (/usr/share/texmf-dist/tex/latex/graphics-def/pdftex.def)))

LaTeX Warning: Unused global option(s):
    [1in].

(/home/rutujsg/Documents/LaTeX/Test/test.aux) (/usr/share/texmf-dist/tex/latex/base/ts1enc.dfu) (/usr/share/texmf-dist/tex/latex/translator/translator-basic-dictionary-English.dict) (/usr/share/texmf-dist/tex/latex/siunitx/siunitx-abbreviations.cfg) (/usr/share/texmf-dist/tex/context/base/mkii/supp-pdf.mkii
[Loading MPS to PDF converter (version 2006.09.02).]
) (/usr/share/texmf-dist/tex/latex/oberdiek/epstopdf-base.sty (/usr/share/texmf-dist/tex/generic/oberdiek/infwarerr.sty) (/usr/share/texmf-dist/tex/latex/oberdiek/grfext.sty (/usr/share/texmf-dist/tex/generic/oberdiek/kvdefinekeys.sty (/usr/share/texmf-dist/tex/generic/oberdiek/ltxcmds.sty))) (/usr/share/texmf-dist/tex/latex/oberdiek/kvoptions.sty (/usr/share/texmf-dist/tex/generic/oberdiek/kvsetkeys.sty (/usr/share/texmf-dist/tex/generic/oberdiek/etexcmds.sty (/usr/share/texmf-dist/tex/generic/oberdiek/ifluatex.sty)))) (/usr/share/texmf-dist/tex/generic/oberdiek/pdftexcmds.sty (/usr/share/texmf-dist/tex/generic/oberdiek/ifpdf.sty)) (/usr/share/texmf-dist/tex/latex/latexconfig/epstopdf-sys.cfg)) (/usr/share/texmf-dist/tex/latex/amsfonts/umsa.fd) (/usr/share/texmf-dist/tex/latex/amsfonts/umsb.fd) [1{/var/lib/texmf/fonts/map/pdftex/updmap/pdftex.map}] (/home/rutujsg/Documents/LaTeX/Test/test.aux) )</usr/share/texmf-dist/fonts/type1/public/amsfonts/cm/cmbx12.pfb></usr/share/texmf-dist/fonts/type1/public/amsfonts/cm/cmr12.pfb></usr/share/texmf-dist/fonts/type1/public/amsfonts/cm/cmr17.pfb>
Output written on /home/rutujsg/Documents/LaTeX/Test/test.pdf (1 page, 31867 bytes).
SyncTeX written on /home/rutujsg/Documents/LaTeX/Test/test.synctex.gz.
Transcript written on /home/rutujsg/Documents/LaTeX/Test/test.log.
'test.fls' and '/home/rutujsg/Documents/LaTeX/Test/test.fls' are identical (not copied) at /usr/bin/latexmk line 7507.
Latexmk: Log file says output to 'test.pdf'
Rule 'pdflatex': File changes, etc:
   Changed files, or newly in use since previous run(s):
      '/home/rutujsg/Documents/LaTeX/Test/test.aux'
      'test.aux'
------------
Run number 2 of rule 'pdflatex'
------------
------------
Running 'pdflatex  -synctex=1 -interaction=nonstopmode -file-line-error -recorder -output-directory="/home/rutujsg/Documents/LaTeX/Test"  "/home/rutujsg/Documents/LaTeX/Test/test.tex"'
------------
=== TeX engine is 'pdfTeX'
Latexmk: applying rule 'pdflatex'...
This is pdfTeX, Version 3.14159265-2.6-1.40.19 (TeX Live 2018/Arch Linux) (preloaded format=pdflatex)
 restricted \write18 enabled.
entering extended mode
(/home/rutujsg/Documents/LaTeX/Test/test.tex
LaTeX2e <2018-12-01>
(/usr/share/texmf-dist/tex/latex/base/article.cls
Document Class: article 2018/09/03 v1.4i Standard LaTeX document class
(/usr/share/texmf-dist/tex/latex/base/size12.clo)) (/usr/share/texmf-dist/tex/latex/physics/physics.sty (/usr/share/texmf-dist/tex/latex/l3packages/xparse/xparse.sty (/usr/share/texmf-dist/tex/latex/l3kernel/expl3.sty (/usr/share/texmf-dist/tex/latex/l3kernel/expl3-code.tex) (/usr/share/texmf-dist/tex/latex/l3kernel/l3pdfmode.def))) (/usr/share/texmf-dist/tex/latex/amsmath/amsmath.sty
For additional information on amsmath, use the `?' option.
(/usr/share/texmf-dist/tex/latex/amsmath/amstext.sty (/usr/share/texmf-dist/tex/latex/amsmath/amsgen.sty)) (/usr/share/texmf-dist/tex/latex/amsmath/amsbsy.sty) (/usr/share/texmf-dist/tex/latex/amsmath/amsopn.sty))) (/usr/share/texmf-dist/tex/latex/amsfonts/amssymb.sty (/usr/share/texmf-dist/tex/latex/amsfonts/amsfonts.sty)) (/usr/share/texmf-dist/tex/latex/siunitx/siunitx.sty (/usr/share/texmf-dist/tex/latex/tools/array.sty) (/usr/share/texmf-dist/tex/latex/l3packages/l3keys2e/l3keys2e.sty) (/usr/share/texmf-dist/tex/latex/translator/translator.sty (/usr/share/texmf-dist/tex/latex/graphics/keyval.sty))) (/usr/share/texmf-dist/tex/latex/lipsum/lipsum.sty (/usr/share/texmf-dist/tex/latex/lipsum/lipsum.ltd.tex)) (/usr/share/texmf-dist/tex/latex/graphics/graphicx.sty (/usr/share/texmf-dist/tex/latex/graphics/graphics.sty (/usr/share/texmf-dist/tex/latex/graphics/trig.sty) (/usr/share/texmf-dist/tex/latex/graphics-cfg/graphics.cfg) (/usr/share/texmf-dist/tex/latex/graphics-def/pdftex.def)))

LaTeX Warning: Unused global option(s):
    [1in].

(/home/rutujsg/Documents/LaTeX/Test/test.aux) (/usr/share/texmf-dist/tex/latex/base/ts1enc.dfu) (/usr/share/texmf-dist/tex/latex/translator/translator-basic-dictionary-English.dict) (/usr/share/texmf-dist/tex/latex/siunitx/siunitx-abbreviations.cfg) (/usr/share/texmf-dist/tex/context/base/mkii/supp-pdf.mkii
[Loading MPS to PDF converter (version 2006.09.02).]
) (/usr/share/texmf-dist/tex/latex/oberdiek/epstopdf-base.sty (/usr/share/texmf-dist/tex/generic/oberdiek/infwarerr.sty) (/usr/share/texmf-dist/tex/latex/oberdiek/grfext.sty (/usr/share/texmf-dist/tex/generic/oberdiek/kvdefinekeys.sty (/usr/share/texmf-dist/tex/generic/oberdiek/ltxcmds.sty))) (/usr/share/texmf-dist/tex/latex/oberdiek/kvoptions.sty (/usr/share/texmf-dist/tex/generic/oberdiek/kvsetkeys.sty (/usr/share/texmf-dist/tex/generic/oberdiek/etexcmds.sty (/usr/share/texmf-dist/tex/generic/oberdiek/ifluatex.sty)))) (/usr/share/texmf-dist/tex/generic/oberdiek/pdftexcmds.sty (/usr/share/texmf-dist/tex/generic/oberdiek/ifpdf.sty)) (/usr/share/texmf-dist/tex/latex/latexconfig/epstopdf-sys.cfg)) (/usr/share/texmf-dist/tex/latex/amsfonts/umsa.fd) (/usr/share/texmf-dist/tex/latex/amsfonts/umsb.fd) [1{/var/lib/texmf/fonts/map/pdftex/updmap/pdftex.map}] (/home/rutujsg/Documents/LaTeX/Test/test.aux) )</usr/share/texmf-dist/fonts/type1/public/amsfonts/cm/cmbx12.pfb></usr/share/texmf-dist/fonts/type1/public/amsfonts/cm/cmr12.pfb></usr/share/texmf-dist/fonts/type1/public/amsfonts/cm/cmr17.pfb>
Output written on /home/rutujsg/Documents/LaTeX/Test/test.pdf (1 page, 31867 bytes).
SyncTeX written on /home/rutujsg/Documents/LaTeX/Test/test.synctex.gz.
Transcript written on /home/rutujsg/Documents/LaTeX/Test/test.log.
'test.fls' and '/home/rutujsg/Documents/LaTeX/Test/test.fls' are identical (not copied) at /usr/bin/latexmk line 7507.
Latexmk: Log file says output to 'test.pdf'
=== TeX engine is 'pdfTeX'
Latexmk: All targets (/home/rutujsg/Documents/LaTeX/Test/test.pdf) are up-to-date
Latexmk: This is Latexmk, John Collins, 25 October 2018, version: 4.61.
Rule 'pdflatex': Rules & subrules not known to be previously run:
   pdflatex
Rule 'pdflatex': The following rules & subrules became out-of-date:
      'pdflatex'
------------
Run number 1 of rule 'pdflatex'
------------
------------
Running 'pdflatex  -synctex=1 -interaction=nonstopmode -file-line-error -recorder -output-directory="/home/rutujsg/Documents/LaTeX/Test"  "/home/rutujsg/Documents/LaTeX/Test/test.tex"'
------------
Latexmk: applying rule 'pdflatex'...
This is pdfTeX, Version 3.14159265-2.6-1.40.19 (TeX Live 2018/Arch Linux) (preloaded format=pdflatex)
 restricted \write18 enabled.
entering extended mode
(/home/rutujsg/Documents/LaTeX/Test/test.tex
LaTeX2e <2018-12-01>
(/usr/share/texmf-dist/tex/latex/base/article.cls
Document Class: article 2018/09/03 v1.4i Standard LaTeX document class
(/usr/share/texmf-dist/tex/latex/base/size12.clo)) (/usr/share/texmf-dist/tex/latex/physics/physics.sty (/usr/share/texmf-dist/tex/latex/l3packages/xparse/xparse.sty (/usr/share/texmf-dist/tex/latex/l3kernel/expl3.sty (/usr/share/texmf-dist/tex/latex/l3kernel/expl3-code.tex) (/usr/share/texmf-dist/tex/latex/l3kernel/l3pdfmode.def))) (/usr/share/texmf-dist/tex/latex/amsmath/amsmath.sty
For additional information on amsmath, use the `?' option.
(/usr/share/texmf-dist/tex/latex/amsmath/amstext.sty (/usr/share/texmf-dist/tex/latex/amsmath/amsgen.sty)) (/usr/share/texmf-dist/tex/latex/amsmath/amsbsy.sty) (/usr/share/texmf-dist/tex/latex/amsmath/amsopn.sty))) (/usr/share/texmf-dist/tex/latex/amsfonts/amssymb.sty (/usr/share/texmf-dist/tex/latex/amsfonts/amsfonts.sty)) (/usr/share/texmf-dist/tex/latex/siunitx/siunitx.sty (/usr/share/texmf-dist/tex/latex/tools/array.sty) (/usr/share/texmf-dist/tex/latex/l3packages/l3keys2e/l3keys2e.sty) (/usr/share/texmf-dist/tex/latex/translator/translator.sty (/usr/share/texmf-dist/tex/latex/graphics/keyval.sty))) (/usr/share/texmf-dist/tex/latex/lipsum/lipsum.sty (/usr/share/texmf-dist/tex/latex/lipsum/lipsum.ltd.tex)) (/usr/share/texmf-dist/tex/latex/graphics/graphicx.sty (/usr/share/texmf-dist/tex/latex/graphics/graphics.sty (/usr/share/texmf-dist/tex/latex/graphics/trig.sty) (/usr/share/texmf-dist/tex/latex/graphics-cfg/graphics.cfg) (/usr/share/texmf-dist/tex/latex/graphics-def/pdftex.def)))

LaTeX Warning: Unused global option(s):
    [1in].

(/home/rutujsg/Documents/LaTeX/Test/test.aux) (/usr/share/texmf-dist/tex/latex/base/ts1enc.dfu) (/usr/share/texmf-dist/tex/latex/translator/translator-basic-dictionary-English.dict) (/usr/share/texmf-dist/tex/latex/siunitx/siunitx-abbreviations.cfg) (/usr/share/texmf-dist/tex/context/base/mkii/supp-pdf.mkii
[Loading MPS to PDF converter (version 2006.09.02).]
) (/usr/share/texmf-dist/tex/latex/oberdiek/epstopdf-base.sty (/usr/share/texmf-dist/tex/generic/oberdiek/infwarerr.sty) (/usr/share/texmf-dist/tex/latex/oberdiek/grfext.sty (/usr/share/texmf-dist/tex/generic/oberdiek/kvdefinekeys.sty (/usr/share/texmf-dist/tex/generic/oberdiek/ltxcmds.sty))) (/usr/share/texmf-dist/tex/latex/oberdiek/kvoptions.sty (/usr/share/texmf-dist/tex/generic/oberdiek/kvsetkeys.sty (/usr/share/texmf-dist/tex/generic/oberdiek/etexcmds.sty (/usr/share/texmf-dist/tex/generic/oberdiek/ifluatex.sty)))) (/usr/share/texmf-dist/tex/generic/oberdiek/pdftexcmds.sty (/usr/share/texmf-dist/tex/generic/oberdiek/ifpdf.sty)) (/usr/share/texmf-dist/tex/latex/latexconfig/epstopdf-sys.cfg)) (/usr/share/texmf-dist/tex/latex/amsfonts/umsa.fd) (/usr/share/texmf-dist/tex/latex/amsfonts/umsb.fd) [1{/var/lib/texmf/fonts/map/pdftex/updmap/pdftex.map}] (/home/rutujsg/Documents/LaTeX/Test/test.aux) )</usr/share/texmf-dist/fonts/type1/public/amsfonts/cm/cmbx12.pfb></usr/share/texmf-dist/fonts/type1/public/amsfonts/cm/cmmi12.pfb></usr/share/texmf-dist/fonts/type1/public/amsfonts/cm/cmmi6.pfb></usr/share/texmf-dist/fonts/type1/public/amsfonts/cm/cmr12.pfb></usr/share/texmf-dist/fonts/type1/public/amsfonts/cm/cmr17.pfb></usr/share/texmf-dist/fonts/type1/public/amsfonts/cm/cmr6.pfb></usr/share/texmf-dist/fonts/type1/public/amsfonts/cm/cmsy6.pfb></usr/share/texmf-dist/fonts/type1/public/amsfonts/cm/cmsy8.pfb>
Output written on /home/rutujsg/Documents/LaTeX/Test/test.pdf (1 page, 69884 bytes).
SyncTeX written on /home/rutujsg/Documents/LaTeX/Test/test.synctex.gz.
Transcript written on /home/rutujsg/Documents/LaTeX/Test/test.log.
'test.fls' and '/home/rutujsg/Documents/LaTeX/Test/test.fls' are identical (not copied) at /usr/bin/latexmk line 7507.
Latexmk: Log file says output to 'test.pdf'
Rule 'pdflatex': File changes, etc:
   Changed files, or newly in use since previous run(s):
      '/home/rutujsg/Documents/LaTeX/Test/test.aux'
      'test.aux'
------------
Run number 2 of rule 'pdflatex'
------------
------------
Running 'pdflatex  -synctex=1 -interaction=nonstopmode -file-line-error -recorder -output-directory="/home/rutujsg/Documents/LaTeX/Test"  "/home/rutujsg/Documents/LaTeX/Test/test.tex"'
------------
=== TeX engine is 'pdfTeX'
Latexmk: applying rule 'pdflatex'...
This is pdfTeX, Version 3.14159265-2.6-1.40.19 (TeX Live 2018/Arch Linux) (preloaded format=pdflatex)
 restricted \write18 enabled.
entering extended mode
(/home/rutujsg/Documents/LaTeX/Test/test.tex
LaTeX2e <2018-12-01>
(/usr/share/texmf-dist/tex/latex/base/article.cls
Document Class: article 2018/09/03 v1.4i Standard LaTeX document class
(/usr/share/texmf-dist/tex/latex/base/size12.clo)) (/usr/share/texmf-dist/tex/latex/physics/physics.sty (/usr/share/texmf-dist/tex/latex/l3packages/xparse/xparse.sty (/usr/share/texmf-dist/tex/latex/l3kernel/expl3.sty (/usr/share/texmf-dist/tex/latex/l3kernel/expl3-code.tex) (/usr/share/texmf-dist/tex/latex/l3kernel/l3pdfmode.def))) (/usr/share/texmf-dist/tex/latex/amsmath/amsmath.sty
For additional information on amsmath, use the `?' option.
(/usr/share/texmf-dist/tex/latex/amsmath/amstext.sty (/usr/share/texmf-dist/tex/latex/amsmath/amsgen.sty)) (/usr/share/texmf-dist/tex/latex/amsmath/amsbsy.sty) (/usr/share/texmf-dist/tex/latex/amsmath/amsopn.sty))) (/usr/share/texmf-dist/tex/latex/amsfonts/amssymb.sty (/usr/share/texmf-dist/tex/latex/amsfonts/amsfonts.sty)) (/usr/share/texmf-dist/tex/latex/siunitx/siunitx.sty (/usr/share/texmf-dist/tex/latex/tools/array.sty) (/usr/share/texmf-dist/tex/latex/l3packages/l3keys2e/l3keys2e.sty) (/usr/share/texmf-dist/tex/latex/translator/translator.sty (/usr/share/texmf-dist/tex/latex/graphics/keyval.sty))) (/usr/share/texmf-dist/tex/latex/lipsum/lipsum.sty (/usr/share/texmf-dist/tex/latex/lipsum/lipsum.ltd.tex)) (/usr/share/texmf-dist/tex/latex/graphics/graphicx.sty (/usr/share/texmf-dist/tex/latex/graphics/graphics.sty (/usr/share/texmf-dist/tex/latex/graphics/trig.sty) (/usr/share/texmf-dist/tex/latex/graphics-cfg/graphics.cfg) (/usr/share/texmf-dist/tex/latex/graphics-def/pdftex.def)))

LaTeX Warning: Unused global option(s):
    [1in].

(/home/rutujsg/Documents/LaTeX/Test/test.aux) (/usr/share/texmf-dist/tex/latex/base/ts1enc.dfu) (/usr/share/texmf-dist/tex/latex/translator/translator-basic-dictionary-English.dict) (/usr/share/texmf-dist/tex/latex/siunitx/siunitx-abbreviations.cfg) (/usr/share/texmf-dist/tex/context/base/mkii/supp-pdf.mkii
[Loading MPS to PDF converter (version 2006.09.02).]
) (/usr/share/texmf-dist/tex/latex/oberdiek/epstopdf-base.sty (/usr/share/texmf-dist/tex/generic/oberdiek/infwarerr.sty) (/usr/share/texmf-dist/tex/latex/oberdiek/grfext.sty (/usr/share/texmf-dist/tex/generic/oberdiek/kvdefinekeys.sty (/usr/share/texmf-dist/tex/generic/oberdiek/ltxcmds.sty))) (/usr/share/texmf-dist/tex/latex/oberdiek/kvoptions.sty (/usr/share/texmf-dist/tex/generic/oberdiek/kvsetkeys.sty (/usr/share/texmf-dist/tex/generic/oberdiek/etexcmds.sty (/usr/share/texmf-dist/tex/generic/oberdiek/ifluatex.sty)))) (/usr/share/texmf-dist/tex/generic/oberdiek/pdftexcmds.sty (/usr/share/texmf-dist/tex/generic/oberdiek/ifpdf.sty)) (/usr/share/texmf-dist/tex/latex/latexconfig/epstopdf-sys.cfg)) (/usr/share/texmf-dist/tex/latex/amsfonts/umsa.fd) (/usr/share/texmf-dist/tex/latex/amsfonts/umsb.fd) [1{/var/lib/texmf/fonts/map/pdftex/updmap/pdftex.map}] (/home/rutujsg/Documents/LaTeX/Test/test.aux) )</usr/share/texmf-dist/fonts/type1/public/amsfonts/cm/cmbx12.pfb></usr/share/texmf-dist/fonts/type1/public/amsfonts/cm/cmmi12.pfb></usr/share/texmf-dist/fonts/type1/public/amsfonts/cm/cmmi6.pfb></usr/share/texmf-dist/fonts/type1/public/amsfonts/cm/cmr12.pfb></usr/share/texmf-dist/fonts/type1/public/amsfonts/cm/cmr17.pfb></usr/share/texmf-dist/fonts/type1/public/amsfonts/cm/cmr6.pfb></usr/share/texmf-dist/fonts/type1/public/amsfonts/cm/cmsy6.pfb></usr/share/texmf-dist/fonts/type1/public/amsfonts/cm/cmsy8.pfb>
Output written on /home/rutujsg/Documents/LaTeX/Test/test.pdf (1 page, 69884 bytes).
SyncTeX written on /home/rutujsg/Documents/LaTeX/Test/test.synctex.gz.
Transcript written on /home/rutujsg/Documents/LaTeX/Test/test.log.
'test.fls' and '/home/rutujsg/Documents/LaTeX/Test/test.fls' are identical (not copied) at /usr/bin/latexmk line 7507.
Latexmk: Log file says output to 'test.pdf'
=== TeX engine is 'pdfTeX'
Latexmk: All targets (/home/rutujsg/Documents/LaTeX/Test/test.pdf) are up-to-date
Latexmk: This is Latexmk, John Collins, 25 October 2018, version: 4.61.
Rule 'pdflatex': Rules & subrules not known to be previously run:
   pdflatex
Rule 'pdflatex': The following rules & subrules became out-of-date:
      'pdflatex'
------------
Run number 1 of rule 'pdflatex'
------------
------------
Running 'pdflatex  -synctex=1 -interaction=nonstopmode -file-line-error -recorder -output-directory="/home/rutujsg/Documents/LaTeX/Test"  "/home/rutujsg/Documents/LaTeX/Test/test.tex"'
------------
Latexmk: applying rule 'pdflatex'...
This is pdfTeX, Version 3.14159265-2.6-1.40.19 (TeX Live 2018/Arch Linux) (preloaded format=pdflatex)
 restricted \write18 enabled.
entering extended mode
(/home/rutujsg/Documents/LaTeX/Test/test.tex
LaTeX2e <2018-12-01>
(/usr/share/texmf-dist/tex/latex/base/article.cls
Document Class: article 2018/09/03 v1.4i Standard LaTeX document class
(/usr/share/texmf-dist/tex/latex/base/size12.clo)) (/usr/share/texmf-dist/tex/latex/physics/physics.sty (/usr/share/texmf-dist/tex/latex/l3packages/xparse/xparse.sty (/usr/share/texmf-dist/tex/latex/l3kernel/expl3.sty (/usr/share/texmf-dist/tex/latex/l3kernel/expl3-code.tex) (/usr/share/texmf-dist/tex/latex/l3kernel/l3pdfmode.def))) (/usr/share/texmf-dist/tex/latex/amsmath/amsmath.sty
For additional information on amsmath, use the `?' option.
(/usr/share/texmf-dist/tex/latex/amsmath/amstext.sty (/usr/share/texmf-dist/tex/latex/amsmath/amsgen.sty)) (/usr/share/texmf-dist/tex/latex/amsmath/amsbsy.sty) (/usr/share/texmf-dist/tex/latex/amsmath/amsopn.sty))) (/usr/share/texmf-dist/tex/latex/amsfonts/amssymb.sty (/usr/share/texmf-dist/tex/latex/amsfonts/amsfonts.sty)) (/usr/share/texmf-dist/tex/latex/siunitx/siunitx.sty (/usr/share/texmf-dist/tex/latex/tools/array.sty) (/usr/share/texmf-dist/tex/latex/l3packages/l3keys2e/l3keys2e.sty) (/usr/share/texmf-dist/tex/latex/translator/translator.sty (/usr/share/texmf-dist/tex/latex/graphics/keyval.sty))) (/usr/share/texmf-dist/tex/latex/lipsum/lipsum.sty (/usr/share/texmf-dist/tex/latex/lipsum/lipsum.ltd.tex)) (/usr/share/texmf-dist/tex/latex/graphics/graphicx.sty (/usr/share/texmf-dist/tex/latex/graphics/graphics.sty (/usr/share/texmf-dist/tex/latex/graphics/trig.sty) (/usr/share/texmf-dist/tex/latex/graphics-cfg/graphics.cfg) (/usr/share/texmf-dist/tex/latex/graphics-def/pdftex.def)))

LaTeX Warning: Unused global option(s):
    [1in].

(/home/rutujsg/Documents/LaTeX/Test/test.aux) (/usr/share/texmf-dist/tex/latex/base/ts1enc.dfu) (/usr/share/texmf-dist/tex/latex/translator/translator-basic-dictionary-English.dict) (/usr/share/texmf-dist/tex/latex/siunitx/siunitx-abbreviations.cfg) (/usr/share/texmf-dist/tex/context/base/mkii/supp-pdf.mkii
[Loading MPS to PDF converter (version 2006.09.02).]
) (/usr/share/texmf-dist/tex/latex/oberdiek/epstopdf-base.sty (/usr/share/texmf-dist/tex/generic/oberdiek/infwarerr.sty) (/usr/share/texmf-dist/tex/latex/oberdiek/grfext.sty (/usr/share/texmf-dist/tex/generic/oberdiek/kvdefinekeys.sty (/usr/share/texmf-dist/tex/generic/oberdiek/ltxcmds.sty))) (/usr/share/texmf-dist/tex/latex/oberdiek/kvoptions.sty (/usr/share/texmf-dist/tex/generic/oberdiek/kvsetkeys.sty (/usr/share/texmf-dist/tex/generic/oberdiek/etexcmds.sty (/usr/share/texmf-dist/tex/generic/oberdiek/ifluatex.sty)))) (/usr/share/texmf-dist/tex/generic/oberdiek/pdftexcmds.sty (/usr/share/texmf-dist/tex/generic/oberdiek/ifpdf.sty)) (/usr/share/texmf-dist/tex/latex/latexconfig/epstopdf-sys.cfg)) (/usr/share/texmf-dist/tex/latex/amsfonts/umsa.fd) (/usr/share/texmf-dist/tex/latex/amsfonts/umsb.fd)
Runaway argument?
 \int _{-\infty }^\infty e^{-\frac {(x - x_0)^2}{2\sigma }} &= \frac \ETC.
/home/rutujsg/Documents/LaTeX/Test/test.tex:17: Paragraph ended before \align was complete.
<to be read again> 
                   \par 
l.17 
     
/home/rutujsg/Documents/LaTeX/Test/test.tex:17: Missing $ inserted.
<inserted text> 
                $
l.17 
     
/home/rutujsg/Documents/LaTeX/Test/test.tex:17: Missing \endgroup inserted.
<inserted text> 
                \endgroup 
l.17 
     
/home/rutujsg/Documents/LaTeX/Test/test.tex:17: Display math should end with $$.
<to be read again> 
                   \par 
l.17 
     
/home/rutujsg/Documents/LaTeX/Test/test.tex:18: Extra }, or forgotten \endgroup.
\endpicture ->\egroup 
                      \hss \egroup \ht \@picbox \@picht \dp \@picbox \z@ \mb...
l.18         \end{picture}
                          }
/home/rutujsg/Documents/LaTeX/Test/test.tex:18: Extra }, or forgotten \endgroup.
\endpicture ->\egroup \hss \egroup 
                                   \ht \@picbox \@picht \dp \@picbox \z@ \mb...
l.18         \end{picture}
                          }

/home/rutujsg/Documents/LaTeX/Test/test.tex:18: LaTeX Error: \begin{align} on input line 15 ended by \end{picture}.

See the LaTeX manual or LaTeX Companion for explanation.
Type  H <return>  for immediate help.
 ...                                              
                                                  
l.18         \end{picture}
                          }
/home/rutujsg/Documents/LaTeX/Test/test.tex:18: Too many }'s.
l.18         \end{picture}}
                           
/home/rutujsg/Documents/LaTeX/Test/test.tex:19: Misplaced \cr.
\math@cr@@@ ->\cr 
                  
l.19     \end{align}
                    
/home/rutujsg/Documents/LaTeX/Test/test.tex:19: Misplaced \noalign.
\math@cr@@ ... \iffalse }\fi \math@cr@@@ \noalign 
                                                  {\vskip #1\relax }
l.19     \end{align}
                    
/home/rutujsg/Documents/LaTeX/Test/test.tex:19: Infinite glue shrinkage found in a paragraph.
<inserted text> \par 
                     
l.19     \end{align}
                    
/home/rutujsg/Documents/LaTeX/Test/test.tex:19: Misplaced \noalign.
\black@ #1->\noalign 
                     {\ifdim #1>\displaywidth \dimen@ \prevdepth \nointerlin...
l.19     \end{align}
                    
/home/rutujsg/Documents/LaTeX/Test/test.tex:19: Too many }'s.
\endalign ->\math@cr \black@ \totwidth@ \egroup 
                                                \ifingather@ \restorealignst...
l.19     \end{align}
                    

/home/rutujsg/Documents/LaTeX/Test/test.tex:19: LaTeX Error: \begin{document} ended by \end{align}.

See the LaTeX manual or LaTeX Companion for explanation.
Type  H <return>  for immediate help.
 ...                                              
                                                  
l.19     \end{align}
                    
/home/rutujsg/Documents/LaTeX/Test/test.tex:19: Missing $ inserted.
<inserted text> 
                $
l.19     \end{align}
                    
/home/rutujsg/Documents/LaTeX/Test/test.tex:19: Display math should end with $$.
<to be read again> 
                   \endgroup 
l.19     \end{align}
                    
/home/rutujsg/Documents/LaTeX/Test/test.tex:19: Extra \endgroup.
<recently read> \endgroup 
                          
l.19     \end{align}
                    
[1{/var/lib/texmf/fonts/map/pdftex/updmap/pdftex.map}] (/home/rutujsg/Documents/LaTeX/Test/test.aux) )
(see the transcript file for additional information)</usr/share/texmf-dist/fonts/type1/public/amsfonts/cm/cmbx12.pfb></usr/share/texmf-dist/fonts/type1/public/amsfonts/cm/cmmi12.pfb></usr/share/texmf-dist/fonts/type1/public/amsfonts/cm/cmmi6.pfb></usr/share/texmf-dist/fonts/type1/public/amsfonts/cm/cmr12.pfb></usr/share/texmf-dist/fonts/type1/public/amsfonts/cm/cmr17.pfb></usr/share/texmf-dist/fonts/type1/public/amsfonts/cm/cmr6.pfb></usr/share/texmf-dist/fonts/type1/public/amsfonts/cm/cmsy10.pfb></usr/share/texmf-dist/fonts/type1/public/amsfonts/cm/cmsy6.pfb></usr/share/texmf-dist/fonts/type1/public/amsfonts/cm/cmsy8.pfb>
Output written on /home/rutujsg/Documents/LaTeX/Test/test.pdf (1 page, 79643 bytes).
SyncTeX written on /home/rutujsg/Documents/LaTeX/Test/test.synctex.gz.
Transcript written on /home/rutujsg/Documents/LaTeX/Test/test.log.
'test.fls' and '/home/rutujsg/Documents/LaTeX/Test/test.fls' are identical (not copied) at /usr/bin/latexmk line 7507.
Latexmk: Log file says output to 'test.pdf'
Collected error summary (may duplicate other messages):
  pdflatex: Command for 'pdflatex' gave return code 1
      Refer to '/home/rutujsg/Documents/LaTeX/Test/test.log' for details
Latexmk: Use the -f option to force complete processing,
 unless error was exceeding maximum runs, or warnings treated as errors.
=== TeX engine is 'pdfTeX'
Latexmk: Errors, so I did not complete making targets
Latexmk: This is Latexmk, John Collins, 25 October 2018, version: 4.61.
Rule 'pdflatex': Rules & subrules not known to be previously run:
   pdflatex
Rule 'pdflatex': The following rules & subrules became out-of-date:
      'pdflatex'
------------
Run number 1 of rule 'pdflatex'
------------
------------
Running 'pdflatex  -synctex=1 -interaction=nonstopmode -file-line-error -recorder -output-directory="/home/rutujsg/Documents/LaTeX/Test"  "/home/rutujsg/Documents/LaTeX/Test/test.tex"'
------------
Latexmk: applying rule 'pdflatex'...
This is pdfTeX, Version 3.14159265-2.6-1.40.19 (TeX Live 2018/Arch Linux) (preloaded format=pdflatex)
 restricted \write18 enabled.
entering extended mode
(/home/rutujsg/Documents/LaTeX/Test/test.tex
LaTeX2e <2018-12-01>
(/usr/share/texmf-dist/tex/latex/base/article.cls
Document Class: article 2018/09/03 v1.4i Standard LaTeX document class
(/usr/share/texmf-dist/tex/latex/base/size12.clo)) (/usr/share/texmf-dist/tex/latex/physics/physics.sty (/usr/share/texmf-dist/tex/latex/l3packages/xparse/xparse.sty (/usr/share/texmf-dist/tex/latex/l3kernel/expl3.sty (/usr/share/texmf-dist/tex/latex/l3kernel/expl3-code.tex) (/usr/share/texmf-dist/tex/latex/l3kernel/l3pdfmode.def))) (/usr/share/texmf-dist/tex/latex/amsmath/amsmath.sty
For additional information on amsmath, use the `?' option.
(/usr/share/texmf-dist/tex/latex/amsmath/amstext.sty (/usr/share/texmf-dist/tex/latex/amsmath/amsgen.sty)) (/usr/share/texmf-dist/tex/latex/amsmath/amsbsy.sty) (/usr/share/texmf-dist/tex/latex/amsmath/amsopn.sty))) (/usr/share/texmf-dist/tex/latex/amsfonts/amssymb.sty (/usr/share/texmf-dist/tex/latex/amsfonts/amsfonts.sty)) (/usr/share/texmf-dist/tex/latex/siunitx/siunitx.sty (/usr/share/texmf-dist/tex/latex/tools/array.sty) (/usr/share/texmf-dist/tex/latex/l3packages/l3keys2e/l3keys2e.sty) (/usr/share/texmf-dist/tex/latex/translator/translator.sty (/usr/share/texmf-dist/tex/latex/graphics/keyval.sty))) (/usr/share/texmf-dist/tex/latex/lipsum/lipsum.sty (/usr/share/texmf-dist/tex/latex/lipsum/lipsum.ltd.tex)) (/usr/share/texmf-dist/tex/latex/graphics/graphicx.sty (/usr/share/texmf-dist/tex/latex/graphics/graphics.sty (/usr/share/texmf-dist/tex/latex/graphics/trig.sty) (/usr/share/texmf-dist/tex/latex/graphics-cfg/graphics.cfg) (/usr/share/texmf-dist/tex/latex/graphics-def/pdftex.def)))

LaTeX Warning: Unused global option(s):
    [1in].

(/home/rutujsg/Documents/LaTeX/Test/test.aux) (/usr/share/texmf-dist/tex/latex/base/ts1enc.dfu) (/usr/share/texmf-dist/tex/latex/translator/translator-basic-dictionary-English.dict) (/usr/share/texmf-dist/tex/latex/siunitx/siunitx-abbreviations.cfg) (/usr/share/texmf-dist/tex/context/base/mkii/supp-pdf.mkii
[Loading MPS to PDF converter (version 2006.09.02).]
) (/usr/share/texmf-dist/tex/latex/oberdiek/epstopdf-base.sty (/usr/share/texmf-dist/tex/generic/oberdiek/infwarerr.sty) (/usr/share/texmf-dist/tex/latex/oberdiek/grfext.sty (/usr/share/texmf-dist/tex/generic/oberdiek/kvdefinekeys.sty (/usr/share/texmf-dist/tex/generic/oberdiek/ltxcmds.sty))) (/usr/share/texmf-dist/tex/latex/oberdiek/kvoptions.sty (/usr/share/texmf-dist/tex/generic/oberdiek/kvsetkeys.sty (/usr/share/texmf-dist/tex/generic/oberdiek/etexcmds.sty (/usr/share/texmf-dist/tex/generic/oberdiek/ifluatex.sty)))) (/usr/share/texmf-dist/tex/generic/oberdiek/pdftexcmds.sty (/usr/share/texmf-dist/tex/generic/oberdiek/ifpdf.sty)) (/usr/share/texmf-dist/tex/latex/latexconfig/epstopdf-sys.cfg)) (/usr/share/texmf-dist/tex/latex/amsfonts/umsa.fd) (/usr/share/texmf-dist/tex/latex/amsfonts/umsb.fd)
Runaway argument?
 \int _{-\infty }^\infty e^{-\frac {(x - x_0)^2}{2\sigma }} &= \frac \ETC.
/home/rutujsg/Documents/LaTeX/Test/test.tex:17: Paragraph ended before \align was complete.
<to be read again> 
                   \par 
l.17 
     
/home/rutujsg/Documents/LaTeX/Test/test.tex:17: Missing $ inserted.
<inserted text> 
                $
l.17 
     
/home/rutujsg/Documents/LaTeX/Test/test.tex:17: Missing \endgroup inserted.
<inserted text> 
                \endgroup 
l.17 
     
/home/rutujsg/Documents/LaTeX/Test/test.tex:17: Display math should end with $$.
<to be read again> 
                   \par 
l.17 
     
/home/rutujsg/Documents/LaTeX/Test/test.tex:18: Extra }, or forgotten \endgroup.
\endpicture ->\egroup 
                      \hss \egroup \ht \@picbox \@picht \dp \@picbox \z@ \mb...
l.18         \end{picture}
                          }
/home/rutujsg/Documents/LaTeX/Test/test.tex:18: Extra }, or forgotten \endgroup.
\endpicture ->\egroup \hss \egroup 
                                   \ht \@picbox \@picht \dp \@picbox \z@ \mb...
l.18         \end{picture}
                          }

/home/rutujsg/Documents/LaTeX/Test/test.tex:18: LaTeX Error: \begin{align} on input line 15 ended by \end{picture}.

See the LaTeX manual or LaTeX Companion for explanation.
Type  H <return>  for immediate help.
 ...                                              
                                                  
l.18         \end{picture}
                          }
/home/rutujsg/Documents/LaTeX/Test/test.tex:18: Too many }'s.
l.18         \end{picture}}
                           
/home/rutujsg/Documents/LaTeX/Test/test.tex:19: Misplaced \cr.
\math@cr@@@ ->\cr 
                  
l.19     \end{align}
                    
/home/rutujsg/Documents/LaTeX/Test/test.tex:19: Misplaced \noalign.
\math@cr@@ ... \iffalse }\fi \math@cr@@@ \noalign 
                                                  {\vskip #1\relax }
l.19     \end{align}
                    
/home/rutujsg/Documents/LaTeX/Test/test.tex:19: Infinite glue shrinkage found in a paragraph.
<inserted text> \par 
                     
l.19     \end{align}
                    
/home/rutujsg/Documents/LaTeX/Test/test.tex:19: Misplaced \noalign.
\black@ #1->\noalign 
                     {\ifdim #1>\displaywidth \dimen@ \prevdepth \nointerlin...
l.19     \end{align}
                    
/home/rutujsg/Documents/LaTeX/Test/test.tex:19: Too many }'s.
\endalign ->\math@cr \black@ \totwidth@ \egroup 
                                                \ifingather@ \restorealignst...
l.19     \end{align}
                    

/home/rutujsg/Documents/LaTeX/Test/test.tex:19: LaTeX Error: \begin{document} ended by \end{align}.

See the LaTeX manual or LaTeX Companion for explanation.
Type  H <return>  for immediate help.
 ...                                              
                                                  
l.19     \end{align}
                    
/home/rutujsg/Documents/LaTeX/Test/test.tex:19: Missing $ inserted.
<inserted text> 
                $
l.19     \end{align}
                    
/home/rutujsg/Documents/LaTeX/Test/test.tex:19: Display math should end with $$.
<to be read again> 
                   \endgroup 
l.19     \end{align}
                    
/home/rutujsg/Documents/LaTeX/Test/test.tex:19: Extra \endgroup.
<recently read> \endgroup 
                          
l.19     \end{align}
                    
[1{/var/lib/texmf/fonts/map/pdftex/updmap/pdftex.map}] (/home/rutujsg/Documents/LaTeX/Test/test.aux) )
(see the transcript file for additional information)</usr/share/texmf-dist/fonts/type1/public/amsfonts/cm/cmbx12.pfb></usr/share/texmf-dist/fonts/type1/public/amsfonts/cm/cmmi12.pfb></usr/share/texmf-dist/fonts/type1/public/amsfonts/cm/cmmi6.pfb></usr/share/texmf-dist/fonts/type1/public/amsfonts/cm/cmr12.pfb></usr/share/texmf-dist/fonts/type1/public/amsfonts/cm/cmr17.pfb></usr/share/texmf-dist/fonts/type1/public/amsfonts/cm/cmr6.pfb></usr/share/texmf-dist/fonts/type1/public/amsfonts/cm/cmsy10.pfb></usr/share/texmf-dist/fonts/type1/public/amsfonts/cm/cmsy6.pfb></usr/share/texmf-dist/fonts/type1/public/amsfonts/cm/cmsy8.pfb>
Output written on /home/rutujsg/Documents/LaTeX/Test/test.pdf (1 page, 79643 bytes).
SyncTeX written on /home/rutujsg/Documents/LaTeX/Test/test.synctex.gz.
Transcript written on /home/rutujsg/Documents/LaTeX/Test/test.log.
'test.fls' and '/home/rutujsg/Documents/LaTeX/Test/test.fls' are identical (not copied) at /usr/bin/latexmk line 7507.
Latexmk: Log file says output to 'test.pdf'
Collected error summary (may duplicate other messages):
  pdflatex: Command for 'pdflatex' gave return code 1
      Refer to '/home/rutujsg/Documents/LaTeX/Test/test.log' for details
Latexmk: Use the -f option to force complete processing,
 unless error was exceeding maximum runs, or warnings treated as errors.
=== TeX engine is 'pdfTeX'
Latexmk: Errors, so I did not complete making targets
Latexmk: This is Latexmk, John Collins, 25 October 2018, version: 4.61.
Rule 'pdflatex': Rules & subrules not known to be previously run:
   pdflatex
Rule 'pdflatex': The following rules & subrules became out-of-date:
      'pdflatex'
------------
Run number 1 of rule 'pdflatex'
------------
------------
Running 'pdflatex  -synctex=1 -interaction=nonstopmode -file-line-error -recorder -output-directory="/home/rutujsg/Documents/LaTeX/Test"  "/home/rutujsg/Documents/LaTeX/Test/test.tex"'
------------
Latexmk: applying rule 'pdflatex'...
This is pdfTeX, Version 3.14159265-2.6-1.40.19 (TeX Live 2018/Arch Linux) (preloaded format=pdflatex)
 restricted \write18 enabled.
entering extended mode
(/home/rutujsg/Documents/LaTeX/Test/test.tex
LaTeX2e <2018-12-01>
(/usr/share/texmf-dist/tex/latex/base/article.cls
Document Class: article 2018/09/03 v1.4i Standard LaTeX document class
(/usr/share/texmf-dist/tex/latex/base/size12.clo)) (/usr/share/texmf-dist/tex/latex/physics/physics.sty (/usr/share/texmf-dist/tex/latex/l3packages/xparse/xparse.sty (/usr/share/texmf-dist/tex/latex/l3kernel/expl3.sty (/usr/share/texmf-dist/tex/latex/l3kernel/expl3-code.tex) (/usr/share/texmf-dist/tex/latex/l3kernel/l3pdfmode.def))) (/usr/share/texmf-dist/tex/latex/amsmath/amsmath.sty
For additional information on amsmath, use the `?' option.
(/usr/share/texmf-dist/tex/latex/amsmath/amstext.sty (/usr/share/texmf-dist/tex/latex/amsmath/amsgen.sty)) (/usr/share/texmf-dist/tex/latex/amsmath/amsbsy.sty) (/usr/share/texmf-dist/tex/latex/amsmath/amsopn.sty))) (/usr/share/texmf-dist/tex/latex/amsfonts/amssymb.sty (/usr/share/texmf-dist/tex/latex/amsfonts/amsfonts.sty)) (/usr/share/texmf-dist/tex/latex/siunitx/siunitx.sty (/usr/share/texmf-dist/tex/latex/tools/array.sty) (/usr/share/texmf-dist/tex/latex/l3packages/l3keys2e/l3keys2e.sty) (/usr/share/texmf-dist/tex/latex/translator/translator.sty (/usr/share/texmf-dist/tex/latex/graphics/keyval.sty))) (/usr/share/texmf-dist/tex/latex/lipsum/lipsum.sty (/usr/share/texmf-dist/tex/latex/lipsum/lipsum.ltd.tex)) (/usr/share/texmf-dist/tex/latex/graphics/graphicx.sty (/usr/share/texmf-dist/tex/latex/graphics/graphics.sty (/usr/share/texmf-dist/tex/latex/graphics/trig.sty) (/usr/share/texmf-dist/tex/latex/graphics-cfg/graphics.cfg) (/usr/share/texmf-dist/tex/latex/graphics-def/pdftex.def)))

LaTeX Warning: Unused global option(s):
    [1in].

(/home/rutujsg/Documents/LaTeX/Test/test.aux) (/usr/share/texmf-dist/tex/latex/base/ts1enc.dfu) (/usr/share/texmf-dist/tex/latex/translator/translator-basic-dictionary-English.dict) (/usr/share/texmf-dist/tex/latex/siunitx/siunitx-abbreviations.cfg) (/usr/share/texmf-dist/tex/context/base/mkii/supp-pdf.mkii
[Loading MPS to PDF converter (version 2006.09.02).]
) (/usr/share/texmf-dist/tex/latex/oberdiek/epstopdf-base.sty (/usr/share/texmf-dist/tex/generic/oberdiek/infwarerr.sty) (/usr/share/texmf-dist/tex/latex/oberdiek/grfext.sty (/usr/share/texmf-dist/tex/generic/oberdiek/kvdefinekeys.sty (/usr/share/texmf-dist/tex/generic/oberdiek/ltxcmds.sty))) (/usr/share/texmf-dist/tex/latex/oberdiek/kvoptions.sty (/usr/share/texmf-dist/tex/generic/oberdiek/kvsetkeys.sty (/usr/share/texmf-dist/tex/generic/oberdiek/etexcmds.sty (/usr/share/texmf-dist/tex/generic/oberdiek/ifluatex.sty)))) (/usr/share/texmf-dist/tex/generic/oberdiek/pdftexcmds.sty (/usr/share/texmf-dist/tex/generic/oberdiek/ifpdf.sty)) (/usr/share/texmf-dist/tex/latex/latexconfig/epstopdf-sys.cfg)) (/usr/share/texmf-dist/tex/latex/amsfonts/umsa.fd) (/usr/share/texmf-dist/tex/latex/amsfonts/umsb.fd) [1{/var/lib/texmf/fonts/map/pdftex/updmap/pdftex.map}] (/home/rutujsg/Documents/LaTeX/Test/test.aux) )</usr/share/texmf-dist/fonts/type1/public/amsfonts/cm/cmbx12.pfb></usr/share/texmf-dist/fonts/type1/public/amsfonts/cm/cmex10.pfb></usr/share/texmf-dist/fonts/type1/public/amsfonts/cm/cmmi12.pfb></usr/share/texmf-dist/fonts/type1/public/amsfonts/cm/cmmi6.pfb></usr/share/texmf-dist/fonts/type1/public/amsfonts/cm/cmr12.pfb></usr/share/texmf-dist/fonts/type1/public/amsfonts/cm/cmr17.pfb></usr/share/texmf-dist/fonts/type1/public/amsfonts/cm/cmr6.pfb></usr/share/texmf-dist/fonts/type1/public/amsfonts/cm/cmsy10.pfb></usr/share/texmf-dist/fonts/type1/public/amsfonts/cm/cmsy6.pfb></usr/share/texmf-dist/fonts/type1/public/amsfonts/cm/cmsy8.pfb>
Output written on /home/rutujsg/Documents/LaTeX/Test/test.pdf (1 page, 87958 bytes).
SyncTeX written on /home/rutujsg/Documents/LaTeX/Test/test.synctex.gz.
Transcript written on /home/rutujsg/Documents/LaTeX/Test/test.log.
'test.fls' and '/home/rutujsg/Documents/LaTeX/Test/test.fls' are identical (not copied) at /usr/bin/latexmk line 7507.
Latexmk: Log file says output to 'test.pdf'
Rule 'pdflatex': File changes, etc:
   Changed files, or newly in use since previous run(s):
      '/home/rutujsg/Documents/LaTeX/Test/test.aux'
      'test.aux'
------------
Run number 2 of rule 'pdflatex'
------------
------------
Running 'pdflatex  -synctex=1 -interaction=nonstopmode -file-line-error -recorder -output-directory="/home/rutujsg/Documents/LaTeX/Test"  "/home/rutujsg/Documents/LaTeX/Test/test.tex"'
------------
=== TeX engine is 'pdfTeX'
Latexmk: applying rule 'pdflatex'...
This is pdfTeX, Version 3.14159265-2.6-1.40.19 (TeX Live 2018/Arch Linux) (preloaded format=pdflatex)
 restricted \write18 enabled.
entering extended mode
(/home/rutujsg/Documents/LaTeX/Test/test.tex
LaTeX2e <2018-12-01>
(/usr/share/texmf-dist/tex/latex/base/article.cls
Document Class: article 2018/09/03 v1.4i Standard LaTeX document class
(/usr/share/texmf-dist/tex/latex/base/size12.clo)) (/usr/share/texmf-dist/tex/latex/physics/physics.sty (/usr/share/texmf-dist/tex/latex/l3packages/xparse/xparse.sty (/usr/share/texmf-dist/tex/latex/l3kernel/expl3.sty (/usr/share/texmf-dist/tex/latex/l3kernel/expl3-code.tex) (/usr/share/texmf-dist/tex/latex/l3kernel/l3pdfmode.def))) (/usr/share/texmf-dist/tex/latex/amsmath/amsmath.sty
For additional information on amsmath, use the `?' option.
(/usr/share/texmf-dist/tex/latex/amsmath/amstext.sty (/usr/share/texmf-dist/tex/latex/amsmath/amsgen.sty)) (/usr/share/texmf-dist/tex/latex/amsmath/amsbsy.sty) (/usr/share/texmf-dist/tex/latex/amsmath/amsopn.sty))) (/usr/share/texmf-dist/tex/latex/amsfonts/amssymb.sty (/usr/share/texmf-dist/tex/latex/amsfonts/amsfonts.sty)) (/usr/share/texmf-dist/tex/latex/siunitx/siunitx.sty (/usr/share/texmf-dist/tex/latex/tools/array.sty) (/usr/share/texmf-dist/tex/latex/l3packages/l3keys2e/l3keys2e.sty) (/usr/share/texmf-dist/tex/latex/translator/translator.sty (/usr/share/texmf-dist/tex/latex/graphics/keyval.sty))) (/usr/share/texmf-dist/tex/latex/lipsum/lipsum.sty (/usr/share/texmf-dist/tex/latex/lipsum/lipsum.ltd.tex)) (/usr/share/texmf-dist/tex/latex/graphics/graphicx.sty (/usr/share/texmf-dist/tex/latex/graphics/graphics.sty (/usr/share/texmf-dist/tex/latex/graphics/trig.sty) (/usr/share/texmf-dist/tex/latex/graphics-cfg/graphics.cfg) (/usr/share/texmf-dist/tex/latex/graphics-def/pdftex.def)))

LaTeX Warning: Unused global option(s):
    [1in].

(/home/rutujsg/Documents/LaTeX/Test/test.aux) (/usr/share/texmf-dist/tex/latex/base/ts1enc.dfu) (/usr/share/texmf-dist/tex/latex/translator/translator-basic-dictionary-English.dict) (/usr/share/texmf-dist/tex/latex/siunitx/siunitx-abbreviations.cfg) (/usr/share/texmf-dist/tex/context/base/mkii/supp-pdf.mkii
[Loading MPS to PDF converter (version 2006.09.02).]
) (/usr/share/texmf-dist/tex/latex/oberdiek/epstopdf-base.sty (/usr/share/texmf-dist/tex/generic/oberdiek/infwarerr.sty) (/usr/share/texmf-dist/tex/latex/oberdiek/grfext.sty (/usr/share/texmf-dist/tex/generic/oberdiek/kvdefinekeys.sty (/usr/share/texmf-dist/tex/generic/oberdiek/ltxcmds.sty))) (/usr/share/texmf-dist/tex/latex/oberdiek/kvoptions.sty (/usr/share/texmf-dist/tex/generic/oberdiek/kvsetkeys.sty (/usr/share/texmf-dist/tex/generic/oberdiek/etexcmds.sty (/usr/share/texmf-dist/tex/generic/oberdiek/ifluatex.sty)))) (/usr/share/texmf-dist/tex/generic/oberdiek/pdftexcmds.sty (/usr/share/texmf-dist/tex/generic/oberdiek/ifpdf.sty)) (/usr/share/texmf-dist/tex/latex/latexconfig/epstopdf-sys.cfg)) (/usr/share/texmf-dist/tex/latex/amsfonts/umsa.fd) (/usr/share/texmf-dist/tex/latex/amsfonts/umsb.fd) [1{/var/lib/texmf/fonts/map/pdftex/updmap/pdftex.map}] (/home/rutujsg/Documents/LaTeX/Test/test.aux) )</usr/share/texmf-dist/fonts/type1/public/amsfonts/cm/cmbx12.pfb></usr/share/texmf-dist/fonts/type1/public/amsfonts/cm/cmex10.pfb></usr/share/texmf-dist/fonts/type1/public/amsfonts/cm/cmmi12.pfb></usr/share/texmf-dist/fonts/type1/public/amsfonts/cm/cmmi6.pfb></usr/share/texmf-dist/fonts/type1/public/amsfonts/cm/cmr12.pfb></usr/share/texmf-dist/fonts/type1/public/amsfonts/cm/cmr17.pfb></usr/share/texmf-dist/fonts/type1/public/amsfonts/cm/cmr6.pfb></usr/share/texmf-dist/fonts/type1/public/amsfonts/cm/cmsy10.pfb></usr/share/texmf-dist/fonts/type1/public/amsfonts/cm/cmsy6.pfb></usr/share/texmf-dist/fonts/type1/public/amsfonts/cm/cmsy8.pfb>
Output written on /home/rutujsg/Documents/LaTeX/Test/test.pdf (1 page, 87958 bytes).
SyncTeX written on /home/rutujsg/Documents/LaTeX/Test/test.synctex.gz.
Transcript written on /home/rutujsg/Documents/LaTeX/Test/test.log.
'test.fls' and '/home/rutujsg/Documents/LaTeX/Test/test.fls' are identical (not copied) at /usr/bin/latexmk line 7507.
Latexmk: Log file says output to 'test.pdf'
=== TeX engine is 'pdfTeX'
Latexmk: All targets (/home/rutujsg/Documents/LaTeX/Test/test.pdf) are up-to-date
