[2019-06-03 22:37:34.999] [exthost] [info] extension host started
[2019-06-03 22:37:35.023] [exthost] [info] ExtensionService#_doActivateExtension vscode.debug-auto-launch {"startup":true,"activationEvent":"*"}
[2019-06-03 22:37:35.024] [exthost] [info] ExtensionService#loadCommonJSModule /usr/lib/code/extensions/debug-auto-launch/dist/extension
[2019-06-03 22:37:35.026] [exthost] [info] ExtensionService#_doActivateExtension vscode.emmet {"startup":true,"activationEvent":"*"}
[2019-06-03 22:37:35.026] [exthost] [info] ExtensionService#loadCommonJSModule /usr/lib/code/extensions/emmet/dist/extension
[2019-06-03 22:37:35.037] [exthost] [info] ExtensionService#_doActivateExtension vscode.git {"startup":true,"activationEvent":"*"}
[2019-06-03 22:37:35.037] [exthost] [info] ExtensionService#loadCommonJSModule /usr/lib/code/extensions/git/dist/main
[2019-06-03 22:37:35.094] [exthost] [info] ExtensionService#_doActivateExtension vscode.merge-conflict {"startup":true,"activationEvent":"*"}
[2019-06-03 22:37:35.094] [exthost] [info] ExtensionService#loadCommonJSModule /usr/lib/code/extensions/merge-conflict/dist/extension
[2019-06-03 22:37:35.097] [exthost] [info] ExtensionService#_doActivateExtension cmschuetz12.wal {"startup":true,"activationEvent":"*"}
[2019-06-03 22:37:35.097] [exthost] [info] ExtensionService#loadCommonJSModule /home/rutujsg/.vscode-oss/extensions/cmschuetz12.wal-0.1.0/out/extension
[2019-06-03 22:37:35.115] [exthost] [info] ExtensionService#_doActivateExtension monokai.theme-monokai-pro-vscode {"startup":true,"activationEvent":"*"}
[2019-06-03 22:37:35.115] [exthost] [info] ExtensionService#loadCommonJSModule /home/rutujsg/.vscode-oss/extensions/monokai.theme-monokai-pro-vscode-1.1.13/js/main
[2019-06-03 22:37:35.118] [exthost] [info] ExtensionService#_doActivateExtension vscodevim.vim {"startup":true,"activationEvent":"*"}
[2019-06-03 22:37:35.118] [exthost] [info] ExtensionService#loadCommonJSModule /home/rutujsg/.vscode-oss/extensions/vscodevim.vim-1.8.1/out/extension
[2019-06-03 22:37:35.359] [exthost] [info] eager extensions activated
[2019-06-03 22:37:35.567] [exthost] [info] ExtensionService#_doActivateExtension vscode.configuration-editing {"startup":false,"activationEvent":"onLanguage:jsonc"}
[2019-06-03 22:37:35.567] [exthost] [info] ExtensionService#loadCommonJSModule /usr/lib/code/extensions/configuration-editing/dist/extension
[2019-06-03 22:37:35.573] [exthost] [info] ExtensionService#_doActivateExtension vscode.json-language-features {"startup":false,"activationEvent":"onLanguage:jsonc"}
[2019-06-03 22:37:35.573] [exthost] [info] ExtensionService#loadCommonJSModule /usr/lib/code/extensions/json-language-features/client/dist/jsonMain
[2019-06-03 22:37:35.624] [exthost] [info] ExtensionService#_doActivateExtension vscode.typescript-language-features {"startup":false,"activationEvent":"onLanguage:jsonc"}
[2019-06-03 22:37:35.624] [exthost] [info] ExtensionService#loadCommonJSModule /usr/lib/code/extensions/typescript-language-features/dist/extension
[2019-06-03 22:44:57.766] [exthost] [info] ExtensionService#_doActivateExtension James-Yu.latex-workshop {"startup":false,"activationEvent":"onLanguage:latex"}
[2019-06-03 22:44:57.766] [exthost] [info] ExtensionService#loadCommonJSModule /home/rutujsg/.vscode-oss/extensions/james-yu.latex-workshop-7.0.0/out/src/main.js
[2019-06-03 22:48:50.185] [exthost] [info] extension host started
[2019-06-03 22:48:50.205] [exthost] [info] ExtensionService#_doActivateExtension vscode.debug-auto-launch {"startup":true,"activationEvent":"*"}
[2019-06-03 22:48:50.205] [exthost] [info] ExtensionService#loadCommonJSModule /usr/lib/code/extensions/debug-auto-launch/dist/extension
[2019-06-03 22:48:50.207] [exthost] [info] ExtensionService#_doActivateExtension vscode.emmet {"startup":true,"activationEvent":"*"}
[2019-06-03 22:48:50.207] [exthost] [info] ExtensionService#loadCommonJSModule /usr/lib/code/extensions/emmet/dist/extension
[2019-06-03 22:48:50.216] [exthost] [info] ExtensionService#_doActivateExtension vscode.git {"startup":true,"activationEvent":"*"}
[2019-06-03 22:48:50.216] [exthost] [info] ExtensionService#loadCommonJSModule /usr/lib/code/extensions/git/dist/main
[2019-06-03 22:48:50.273] [exthost] [info] ExtensionService#_doActivateExtension vscode.merge-conflict {"startup":true,"activationEvent":"*"}
[2019-06-03 22:48:50.273] [exthost] [info] ExtensionService#loadCommonJSModule /usr/lib/code/extensions/merge-conflict/dist/extension
[2019-06-03 22:48:50.276] [exthost] [info] ExtensionService#_doActivateExtension cmschuetz12.wal {"startup":true,"activationEvent":"*"}
[2019-06-03 22:48:50.276] [exthost] [info] ExtensionService#loadCommonJSModule /home/rutujsg/.vscode-oss/extensions/cmschuetz12.wal-0.1.0/out/extension
[2019-06-03 22:48:50.295] [exthost] [info] ExtensionService#_doActivateExtension monokai.theme-monokai-pro-vscode {"startup":true,"activationEvent":"*"}
[2019-06-03 22:48:50.295] [exthost] [info] ExtensionService#loadCommonJSModule /home/rutujsg/.vscode-oss/extensions/monokai.theme-monokai-pro-vscode-1.1.13/js/main
[2019-06-03 22:48:50.298] [exthost] [info] ExtensionService#_doActivateExtension vscodevim.vim {"startup":true,"activationEvent":"*"}
[2019-06-03 22:48:50.298] [exthost] [info] ExtensionService#loadCommonJSModule /home/rutujsg/.vscode-oss/extensions/vscodevim.vim-1.8.1/out/extension
[2019-06-03 22:48:50.525] [exthost] [info] eager extensions activated
[2019-06-03 22:48:50.694] [exthost] [info] ExtensionService#_doActivateExtension vscode.configuration-editing {"startup":false,"activationEvent":"onLanguage:jsonc"}
[2019-06-03 22:48:50.694] [exthost] [info] ExtensionService#loadCommonJSModule /usr/lib/code/extensions/configuration-editing/dist/extension
[2019-06-03 22:48:50.700] [exthost] [info] ExtensionService#_doActivateExtension vscode.json-language-features {"startup":false,"activationEvent":"onLanguage:jsonc"}
[2019-06-03 22:48:50.700] [exthost] [info] ExtensionService#loadCommonJSModule /usr/lib/code/extensions/json-language-features/client/dist/jsonMain
[2019-06-03 22:48:50.753] [exthost] [info] ExtensionService#_doActivateExtension vscode.typescript-language-features {"startup":false,"activationEvent":"onLanguage:jsonc"}
[2019-06-03 22:48:50.753] [exthost] [info] ExtensionService#loadCommonJSModule /usr/lib/code/extensions/typescript-language-features/dist/extension
[2019-06-03 22:49:11.014] [exthost] [info] ExtensionService#_doActivateExtension James-Yu.latex-workshop {"startup":false,"activationEvent":"onLanguage:latex"}
[2019-06-03 22:49:11.014] [exthost] [info] ExtensionService#loadCommonJSModule /home/rutujsg/.vscode-oss/extensions/james-yu.latex-workshop-7.0.0/out/src/main.js
