[2019-06-03 23:13:56.560] [exthost] [info] extension host started
[2019-06-03 23:13:56.644] [exthost] [info] ExtensionService#_doActivateExtension James-Yu.latex-workshop {"startup":false,"activationEvent":"onLanguage:latex"}
[2019-06-03 23:13:56.644] [exthost] [info] ExtensionService#loadCommonJSModule /home/rutujsg/.vscode-oss/extensions/james-yu.latex-workshop-7.0.0/out/src/main.js
[2019-06-03 23:13:56.756] [exthost] [info] ExtensionService#_doActivateExtension vscode.debug-auto-launch {"startup":true,"activationEvent":"*"}
[2019-06-03 23:13:56.756] [exthost] [info] ExtensionService#loadCommonJSModule /usr/lib/code/extensions/debug-auto-launch/dist/extension
[2019-06-03 23:13:56.758] [exthost] [info] ExtensionService#_doActivateExtension vscode.emmet {"startup":true,"activationEvent":"*"}
[2019-06-03 23:13:56.758] [exthost] [info] ExtensionService#loadCommonJSModule /usr/lib/code/extensions/emmet/dist/extension
[2019-06-03 23:13:56.767] [exthost] [info] ExtensionService#_doActivateExtension vscode.git {"startup":true,"activationEvent":"*"}
[2019-06-03 23:13:56.767] [exthost] [info] ExtensionService#loadCommonJSModule /usr/lib/code/extensions/git/dist/main
[2019-06-03 23:13:56.828] [exthost] [info] ExtensionService#_doActivateExtension vscode.merge-conflict {"startup":true,"activationEvent":"*"}
[2019-06-03 23:13:56.828] [exthost] [info] ExtensionService#loadCommonJSModule /usr/lib/code/extensions/merge-conflict/dist/extension
[2019-06-03 23:13:56.831] [exthost] [info] ExtensionService#_doActivateExtension cmschuetz12.wal {"startup":true,"activationEvent":"*"}
[2019-06-03 23:13:56.831] [exthost] [info] ExtensionService#loadCommonJSModule /home/rutujsg/.vscode-oss/extensions/cmschuetz12.wal-0.1.0/out/extension
[2019-06-03 23:13:56.855] [exthost] [info] ExtensionService#_doActivateExtension monokai.theme-monokai-pro-vscode {"startup":true,"activationEvent":"*"}
[2019-06-03 23:13:56.855] [exthost] [info] ExtensionService#loadCommonJSModule /home/rutujsg/.vscode-oss/extensions/monokai.theme-monokai-pro-vscode-1.1.13/js/main
[2019-06-03 23:13:56.858] [exthost] [info] ExtensionService#_doActivateExtension vscodevim.vim {"startup":true,"activationEvent":"*"}
[2019-06-03 23:13:56.858] [exthost] [info] ExtensionService#loadCommonJSModule /home/rutujsg/.vscode-oss/extensions/vscodevim.vim-1.8.1/out/extension
[2019-06-03 23:13:57.122] [exthost] [info] eager extensions activated
[2019-06-03 23:13:57.821] [exthost] [info] ExtensionService#_doActivateExtension vscode.configuration-editing {"startup":false,"activationEvent":"onLanguage:jsonc"}
[2019-06-03 23:13:57.821] [exthost] [info] ExtensionService#loadCommonJSModule /usr/lib/code/extensions/configuration-editing/dist/extension
[2019-06-03 23:13:57.826] [exthost] [info] ExtensionService#_doActivateExtension vscode.json-language-features {"startup":false,"activationEvent":"onLanguage:jsonc"}
[2019-06-03 23:13:57.826] [exthost] [info] ExtensionService#loadCommonJSModule /usr/lib/code/extensions/json-language-features/client/dist/jsonMain
[2019-06-03 23:13:57.875] [exthost] [info] ExtensionService#_doActivateExtension vscode.typescript-language-features {"startup":false,"activationEvent":"onLanguage:jsonc"}
[2019-06-03 23:13:57.875] [exthost] [info] ExtensionService#loadCommonJSModule /usr/lib/code/extensions/typescript-language-features/dist/extension
